iMPACT Version: Sep 15 2010 17:25:22

iMPACT log file Started on Tue Apr  9 10:18:52 2013

Preference Table
Name                 Setting             
StartupClock         Auto_Correction     
AutoSignature        False               
KeepSVF              False               
ConcurrentMode       False               
UseHighz             False               
ConfigOnFailure      Stop                
UserLevel            Novice              
MessageLevel         Detailed            
svfUseTime           false               
SpiByteSwap          Auto_Correction     
AutoInfer            false               
SvfPlayDisplayComments false               
AutoDetecting cable. Please wait.
Connecting to cable (Usb Port - USB21).
Checking cable driver.
File version of /opt/Xilinx/12.3/ISE_DS/ISE/bin/lin64/xusbdfwu.hex = 1030.
File version of /etc/hotplug/usb/xusbdfwu.fw/xusbdfwu.hex = 1030.
 Using libusb.
 Kernel release = 3.5.0-17-generic.
 Max current requested during enumeration is 74 mA.
Type = 0x0004.
 Cable Type = 3, Revision = 0.
 Setting cable speed to 6 MHz.
Cable connection established.
Firmware version = 1303.
File version of /opt/Xilinx/12.3/ISE_DS/ISE/data/xusb_xlp.hex = 1303.
Firmware hex file version = 1303.
PLD file version = 0012h.
 PLD version = 0012h.
Type = 0x0004.
ESN option: 000014C5A1A101.
Identifying chain contents...'0': : Manufacturer's ID = Xilinx xc6vlx240t, Version : 6
INFO:iMPACT:1777 - 
   Reading /opt/Xilinx/12.3/ISE_DS/ISE/virtex6/data/xc6vlx240t.bsd...
INFO:iMPACT:501 - '1': Added Device xc6vlx240t successfully.
----------------------------------------------------------------------
----------------------------------------------------------------------
'1': : Manufacturer's ID = Xilinx xccace, Version : 0
INFO:iMPACT:1777 - 
   Reading /opt/Xilinx/12.3/ISE_DS/ISE/acecf/data/xccace.bsd...
INFO:iMPACT:501 - '1': Added Device xccace successfully.
----------------------------------------------------------------------
----------------------------------------------------------------------
done.
Elapsed time =      0 sec.
Elapsed time =      0 sec.
'2': Loading file 'static.bit' ...
done.
INFO:iMPACT:2257 - Startup Clock has been changed to 'JtagClk' in the bitstream   stored in memory,
   but the original bitstream file remains unchanged.
UserID read from the bitstream file = 0xFFFFFFFF.
----------------------------------------------------------------------
INFO:iMPACT:501 - '2': Added Device xc6vlx240t successfully.
----------------------------------------------------------------------
----------------------------------------------------------------------
Maximum TCK operating frequency for this device chain: 16700000.
Validating chain...
Boundary-scan chain validated successfully.
2: Device Temperature: Current Reading:   40.53 C, Min. Reading:   31.67 C, Max.Reading:   45.45 C
2: VCCINT Supply: Current Reading:   1.005 V, Min. Reading:   1.002 V, Max.Reading:   1.008 V
2: VCCAUX Supply: Current Reading:   2.508 V, Min. Reading:   2.502 V, Max.Reading:   2.514 V
'2': Programming device...
 Match_cycle = 2.
 LCK_cycle = NoWait.
LCK cycle: NoWait
done.
INFO:iMPACT:2219 - Status register values:
INFO:iMPACT - 0011 1111 0101 1110 0000 1011 1100 0000 
INFO:iMPACT:579 - '2': Completed downloading bit file to device.
INFO:iMPACT:188 - '2': Programming completed successfully.
 Match_cycle = 2.
 LCK_cycle = NoWait.
LCK cycle: NoWait
INFO:iMPACT - '2': Checking done pin....done.
'2': Programmed successfully.
Elapsed time =     20 sec.
----------------------------------------------------------------------
----------------------------------------------------------------------
