
bitinit version Xilinx EDK 12.3 Build EDK_MS3.70d
Copyright (c) Xilinx Inc. 2002.

Parsing MHS File system.mhs...

Overriding IP level properties ...
INFO:EDK - IPNAME:mpmc INSTANCE:mpmc_0 -
   /opt/Xilinx/latest/ISE_DS/EDK/hw/XilinxProcessorIPLib/pcores/mpmc_v6_02_a/dat
   a/mpmc_v2_1_0.mpd line 143 - tcl is overriding PARAMETER C_BASEFAMILY value
   to virtex6
INFO:EDK - IPNAME:mpmc INSTANCE:mpmc_0 -
   /opt/Xilinx/latest/ISE_DS/EDK/hw/XilinxProcessorIPLib/pcores/mpmc_v6_02_a/dat
   a/mpmc_v2_1_0.mpd line 170 - tcl is overriding PARAMETER C_IODELAY_GRP value
   to mpmc_0
INFO:EDK - IPNAME:mpmc INSTANCE:mpmc_0 -
   /opt/Xilinx/latest/ISE_DS/EDK/hw/XilinxProcessorIPLib/pcores/mpmc_v6_02_a/dat
   a/mpmc_v2_1_0.mpd line 206 - tcl is overriding PARAMETER C_USE_MIG_V6_PHY
   value to 1
INFO:EDK - IPNAME:mpmc INSTANCE:mpmc_0 -
   /opt/Xilinx/latest/ISE_DS/EDK/hw/XilinxProcessorIPLib/pcores/mpmc_v6_02_a/dat
   a/mpmc_v2_1_0.mpd line 254 - tcl is overriding PARAMETER
   C_MEM_PART_DATA_DEPTH value to 64
INFO:EDK - IPNAME:mpmc INSTANCE:mpmc_0 -
   /opt/Xilinx/latest/ISE_DS/EDK/hw/XilinxProcessorIPLib/pcores/mpmc_v6_02_a/dat
   a/mpmc_v2_1_0.mpd line 255 - tcl is overriding PARAMETER
   C_MEM_PART_DATA_WIDTH value to 16
INFO:EDK - IPNAME:mpmc INSTANCE:mpmc_0 -
   /opt/Xilinx/latest/ISE_DS/EDK/hw/XilinxProcessorIPLib/pcores/mpmc_v6_02_a/dat
   a/mpmc_v2_1_0.mpd line 256 - tcl is overriding PARAMETER
   C_MEM_PART_NUM_BANK_BITS value to 3
INFO:EDK - IPNAME:mpmc INSTANCE:mpmc_0 -
   /opt/Xilinx/latest/ISE_DS/EDK/hw/XilinxProcessorIPLib/pcores/mpmc_v6_02_a/dat
   a/mpmc_v2_1_0.mpd line 258 - tcl is overriding PARAMETER
   C_MEM_PART_NUM_COL_BITS value to 10
INFO:EDK - IPNAME:mpmc INSTANCE:mpmc_0 -
   /opt/Xilinx/latest/ISE_DS/EDK/hw/XilinxProcessorIPLib/pcores/mpmc_v6_02_a/dat
   a/mpmc_v2_1_0.mpd line 259 - tcl is overriding PARAMETER C_MEM_PART_TRAS
   value to 37500
INFO:EDK - IPNAME:mpmc INSTANCE:mpmc_0 -
   /opt/Xilinx/latest/ISE_DS/EDK/hw/XilinxProcessorIPLib/pcores/mpmc_v6_02_a/dat
   a/mpmc_v2_1_0.mpd line 260 - tcl is overriding PARAMETER C_MEM_PART_TRASMAX
   value to 70200000
INFO:EDK - IPNAME:mpmc INSTANCE:mpmc_0 -
   /opt/Xilinx/latest/ISE_DS/EDK/hw/XilinxProcessorIPLib/pcores/mpmc_v6_02_a/dat
   a/mpmc_v2_1_0.mpd line 261 - tcl is overriding PARAMETER C_MEM_PART_TRC value
   to 50625
INFO:EDK - IPNAME:mpmc INSTANCE:mpmc_0 -
   /opt/Xilinx/latest/ISE_DS/EDK/hw/XilinxProcessorIPLib/pcores/mpmc_v6_02_a/dat
   a/mpmc_v2_1_0.mpd line 262 - tcl is overriding PARAMETER C_MEM_PART_TRCD
   value to 13130
INFO:EDK - IPNAME:mpmc INSTANCE:mpmc_0 -
   /opt/Xilinx/latest/ISE_DS/EDK/hw/XilinxProcessorIPLib/pcores/mpmc_v6_02_a/dat
   a/mpmc_v2_1_0.mpd line 264 - tcl is overriding PARAMETER C_MEM_PART_TWR value
   to 15000
INFO:EDK - IPNAME:mpmc INSTANCE:mpmc_0 -
   /opt/Xilinx/latest/ISE_DS/EDK/hw/XilinxProcessorIPLib/pcores/mpmc_v6_02_a/dat
   a/mpmc_v2_1_0.mpd line 265 - tcl is overriding PARAMETER C_MEM_PART_TRP value
   to 13130
INFO:EDK - IPNAME:mpmc INSTANCE:mpmc_0 -
   /opt/Xilinx/latest/ISE_DS/EDK/hw/XilinxProcessorIPLib/pcores/mpmc_v6_02_a/dat
   a/mpmc_v2_1_0.mpd line 267 - tcl is overriding PARAMETER C_MEM_PART_TRRD
   value to 7500
INFO:EDK - IPNAME:mpmc INSTANCE:mpmc_0 -
   /opt/Xilinx/latest/ISE_DS/EDK/hw/XilinxProcessorIPLib/pcores/mpmc_v6_02_a/dat
   a/mpmc_v2_1_0.mpd line 268 - tcl is overriding PARAMETER C_MEM_PART_TRFC
   value to 110000
INFO:EDK - IPNAME:mpmc INSTANCE:mpmc_0 -
   /opt/Xilinx/latest/ISE_DS/EDK/hw/XilinxProcessorIPLib/pcores/mpmc_v6_02_a/dat
   a/mpmc_v2_1_0.mpd line 269 - tcl is overriding PARAMETER C_MEM_PART_TREFI
   value to 7800000
INFO:EDK - IPNAME:mpmc INSTANCE:mpmc_0 -
   /opt/Xilinx/latest/ISE_DS/EDK/hw/XilinxProcessorIPLib/pcores/mpmc_v6_02_a/dat
   a/mpmc_v2_1_0.mpd line 271 - tcl is overriding PARAMETER C_MEM_PART_TCCD
   value to 4
INFO:EDK - IPNAME:mpmc INSTANCE:mpmc_0 -
   /opt/Xilinx/latest/ISE_DS/EDK/hw/XilinxProcessorIPLib/pcores/mpmc_v6_02_a/dat
   a/mpmc_v2_1_0.mpd line 272 - tcl is overriding PARAMETER C_MEM_PART_TWTR
   value to 7500
INFO:EDK - IPNAME:mpmc INSTANCE:mpmc_0 -
   /opt/Xilinx/latest/ISE_DS/EDK/hw/XilinxProcessorIPLib/pcores/mpmc_v6_02_a/dat
   a/mpmc_v2_1_0.mpd line 278 - tcl is overriding PARAMETER
   C_MEM_PART_CAS_A_FMAX value to 400.0
INFO:EDK - IPNAME:mpmc INSTANCE:mpmc_0 -
   /opt/Xilinx/latest/ISE_DS/EDK/hw/XilinxProcessorIPLib/pcores/mpmc_v6_02_a/dat
   a/mpmc_v2_1_0.mpd line 279 - tcl is overriding PARAMETER C_MEM_PART_CAS_A
   value to 6
INFO:EDK - IPNAME:mpmc INSTANCE:mpmc_0 -
   /opt/Xilinx/latest/ISE_DS/EDK/hw/XilinxProcessorIPLib/pcores/mpmc_v6_02_a/dat
   a/mpmc_v2_1_0.mpd line 280 - tcl is overriding PARAMETER
   C_MEM_PART_CAS_B_FMAX value to 533.0
INFO:EDK - IPNAME:mpmc INSTANCE:mpmc_0 -
   /opt/Xilinx/latest/ISE_DS/EDK/hw/XilinxProcessorIPLib/pcores/mpmc_v6_02_a/dat
   a/mpmc_v2_1_0.mpd line 281 - tcl is overriding PARAMETER C_MEM_PART_CAS_B
   value to 7
INFO:EDK - IPNAME:mpmc INSTANCE:mpmc_0 -
   /opt/Xilinx/latest/ISE_DS/EDK/hw/XilinxProcessorIPLib/pcores/mpmc_v6_02_a/dat
   a/mpmc_v2_1_0.mpd line 282 - tcl is overriding PARAMETER
   C_MEM_PART_CAS_C_FMAX value to 1.0
INFO:EDK - IPNAME:mpmc INSTANCE:mpmc_0 -
   /opt/Xilinx/latest/ISE_DS/EDK/hw/XilinxProcessorIPLib/pcores/mpmc_v6_02_a/dat
   a/mpmc_v2_1_0.mpd line 284 - tcl is overriding PARAMETER
   C_MEM_PART_CAS_D_FMAX value to 1.0
INFO:EDK - IPNAME:mpmc INSTANCE:mpmc_0 -
   /opt/Xilinx/latest/ISE_DS/EDK/hw/XilinxProcessorIPLib/pcores/mpmc_v6_02_a/dat
   a/mpmc_v2_1_0.mpd line 297 - tcl is overriding PARAMETER C_MEM_BANKADDR_WIDTH
   value to 3
INFO:EDK - IPNAME:mpmc INSTANCE:mpmc_0 -
   /opt/Xilinx/latest/ISE_DS/EDK/hw/XilinxProcessorIPLib/pcores/mpmc_v6_02_a/dat
   a/mpmc_v2_1_0.mpd line 300 - tcl is overriding PARAMETER C_MEM_DM_WIDTH value
   to 4
INFO:EDK - IPNAME:mpmc INSTANCE:mpmc_0 -
   /opt/Xilinx/latest/ISE_DS/EDK/hw/XilinxProcessorIPLib/pcores/mpmc_v6_02_a/dat
   a/mpmc_v2_1_0.mpd line 301 - tcl is overriding PARAMETER C_MEM_DQS_WIDTH
   value to 4
orig_family is virtex6
INFO:EDK - IPNAME:xps_hwicap INSTANCE:xps_hwicap_0 -
   /opt/Xilinx/latest/ISE_DS/EDK/hw/XilinxProcessorIPLib/pcores/xps_hwicap_v5_00
   _a/data/xps_hwicap_v2_1_0.mpd line 77 - tcl is overriding PARAMETER C_FAMILY
   value to virtex6

Computing clock values...
INFO:EDK - Did not update the value for parameter:
   acc_2_mb1:C_READ_CLOCK_PERIOD. Top-level frequency could not be propagated to
   this IP. Please make sure that you have specified the frequency of the
   top-level clock port, and that the clocks are properly connected.
INFO:EDK - Did not update the value for parameter:
   mb_2_acc1:C_READ_CLOCK_PERIOD. Top-level frequency could not be propagated to
   this IP. Please make sure that you have specified the frequency of the
   top-level clock port, and that the clocks are properly connected.
INFO:EDK - Did not update the value for parameter:
   mb_2_acc1_rst:C_READ_CLOCK_PERIOD. Top-level frequency could not be
   propagated to this IP. Please make sure that you have specified the frequency
   of the top-level clock port, and that the clocks are properly connected.
INFO:EDK - Did not update the value for parameter:
   acc_2_mb2:C_READ_CLOCK_PERIOD. Top-level frequency could not be propagated to
   this IP. Please make sure that you have specified the frequency of the
   top-level clock port, and that the clocks are properly connected.
INFO:EDK - Did not update the value for parameter:
   mb_2_acc2:C_READ_CLOCK_PERIOD. Top-level frequency could not be propagated to
   this IP. Please make sure that you have specified the frequency of the
   top-level clock port, and that the clocks are properly connected.
INFO:EDK - Did not update the value for parameter:
   mb_2_acc2_rst:C_READ_CLOCK_PERIOD. Top-level frequency could not be
   propagated to this IP. Please make sure that you have specified the frequency
   of the top-level clock port, and that the clocks are properly connected.
INFO:EDK - Did not update the value for parameter:
   acc_2_mb3:C_READ_CLOCK_PERIOD. Top-level frequency could not be propagated to
   this IP. Please make sure that you have specified the frequency of the
   top-level clock port, and that the clocks are properly connected.
INFO:EDK - Did not update the value for parameter:
   mb_2_acc3:C_READ_CLOCK_PERIOD. Top-level frequency could not be propagated to
   this IP. Please make sure that you have specified the frequency of the
   top-level clock port, and that the clocks are properly connected.
INFO:EDK - Did not update the value for parameter:
   mb_2_acc3_rst:C_READ_CLOCK_PERIOD. Top-level frequency could not be
   propagated to this IP. Please make sure that you have specified the frequency
   of the top-level clock port, and that the clocks are properly connected.
INFO:EDK - Did not update the value for parameter:
   acc_2_mb4:C_READ_CLOCK_PERIOD. Top-level frequency could not be propagated to
   this IP. Please make sure that you have specified the frequency of the
   top-level clock port, and that the clocks are properly connected.
INFO:EDK - Did not update the value for parameter:
   mb_2_acc4:C_READ_CLOCK_PERIOD. Top-level frequency could not be propagated to
   this IP. Please make sure that you have specified the frequency of the
   top-level clock port, and that the clocks are properly connected.
INFO:EDK - Did not update the value for parameter:
   mb_2_acc4_rst:C_READ_CLOCK_PERIOD. Top-level frequency could not be
   propagated to this IP. Please make sure that you have specified the frequency
   of the top-level clock port, and that the clocks are properly connected.
INFO:EDK - Did not update the value for parameter:
   acc_2_mb5:C_READ_CLOCK_PERIOD. Top-level frequency could not be propagated to
   this IP. Please make sure that you have specified the frequency of the
   top-level clock port, and that the clocks are properly connected.
INFO:EDK - Did not update the value for parameter:
   mb_2_acc5:C_READ_CLOCK_PERIOD. Top-level frequency could not be propagated to
   this IP. Please make sure that you have specified the frequency of the
   top-level clock port, and that the clocks are properly connected.
INFO:EDK - Did not update the value for parameter:
   mb_2_acc5_rst:C_READ_CLOCK_PERIOD. Top-level frequency could not be
   propagated to this IP. Please make sure that you have specified the frequency
   of the top-level clock port, and that the clocks are properly connected.
INFO:EDK - Did not update the value for parameter:
   acc_2_mb6:C_READ_CLOCK_PERIOD. Top-level frequency could not be propagated to
   this IP. Please make sure that you have specified the frequency of the
   top-level clock port, and that the clocks are properly connected.
INFO:EDK - Did not update the value for parameter:
   mb_2_acc6:C_READ_CLOCK_PERIOD. Top-level frequency could not be propagated to
   this IP. Please make sure that you have specified the frequency of the
   top-level clock port, and that the clocks are properly connected.
INFO:EDK - Did not update the value for parameter:
   mb_2_acc6_rst:C_READ_CLOCK_PERIOD. Top-level frequency could not be
   propagated to this IP. Please make sure that you have specified the frequency
   of the top-level clock port, and that the clocks are properly connected.

Performing IP level DRCs on properties...

Running DRC Tcl procedures for OPTION IPLEVEL_DRC_PROC...
Address Map for Processor microblaze0
  (0000000000-0x00003fff) dlmb_cntlr0	dlmb0
  (0000000000-0x00003fff) ilmb_cntlr0	ilmb0
  (0x11000000-0x1103ffff) thread_manager	main_bus->main_core_bridge->core_bus
  (0x11100000-0x1117ffff) cond_vars	main_bus->main_core_bridge->core_bus
  (0x12000000-0x12ffffff) scheduler	main_bus->main_core_bridge->core_bus
  (0x13000000-0x13ffffff) sync_manager	main_bus->main_core_bridge->core_bus
  (0x15040000-0x1504ffff) xps_intc_0	main_bus->main_core_bridge->core_bus
  (0x10000000-0x17ffffff) main_core_bridge	main_bus
  (0x70030000-0x7003ffff) main_core_bridge	main_bus
  (0x70040000-0x7004ffff) main_vhwti_bridge1	main_bus
  (0x70050000-0x7005ffff) main_dma_bridge	main_bus
  (0x84000000-0x8400ffff) RS232_Uart_1	main_bus
  (0x84010000-0x8401ffff) mdm_0	main_bus
  (0x84020000-0x8402ffff) main_dma_bridge	main_bus
  (0x84020000-0x8402ffff) xps_hwicap_0	main_bus->main_dma_bridge->dma_bus
  (0x84030000-0x8403ffff) SysACE_CompactFlash	main_bus
  (0x84050000-0x8405ffff) xps_central_dma_0	main_bus
  (0x840a0000-0x840affff) plb_hthreads_timer_0	main_bus
  (0x840b2000-0x840b2fff) xps_timer_0	main_bus
  (0x84200000-0x8420ffff) plb_hthread_reset_core_0	main_bus
  (0xa0000000-0xafffffff) mpmc_0	main_bus
  (0xa0000000-0xafffffff) mpmc_0	microblaze0_IXCL
  (0xc0000000-0xc0000fff)
vhwti_global_cntlr1	main_bus->main_vhwti_bridge1->vhwti_bus1
  (0xc0010000-0xc0010fff)
vhwti_global_cntlr2	main_bus->main_vhwti_bridge1->vhwti_bus1
  (0xc0020000-0xc0020fff)
vhwti_global_cntlr3	main_bus->main_vhwti_bridge1->vhwti_bus1
  (0xc0030000-0xc0030fff)
vhwti_global_cntlr4	main_bus->main_vhwti_bridge1->vhwti_bus1
  (0xc0040000-0xc0040fff)
vhwti_global_cntlr5	main_bus->main_vhwti_bridge1->vhwti_bus1
  (0xc0050000-0xc0050fff)
vhwti_global_cntlr6	main_bus->main_vhwti_bridge1->vhwti_bus1
  (0xc0000000-0xc007ffff) main_vhwti_bridge1	main_bus
Address Map for Processor microblaze1
  (0000000000-0x00003fff) dlmb_cntlr1	dlmb1
  (0000000000-0x00003fff) ilmb_cntlr1	ilmb1
  (0x11000000-0x1103ffff)
thread_manager	group1_bus->group1_main_bridge->main_bus->main_core_bridge->core_
bus
  (0x11100000-0x1117ffff)
cond_vars	group1_bus->group1_main_bridge->main_bus->main_core_bridge->core_bus
  (0x12000000-0x12ffffff)
scheduler	group1_bus->group1_main_bridge->main_bus->main_core_bridge->core_bus
  (0x13000000-0x13ffffff)
sync_manager	group1_bus->group1_main_bridge->main_bus->main_core_bridge->core_bu
s
  (0x15040000-0x1504ffff)
xps_intc_0	group1_bus->group1_main_bridge->main_bus->main_core_bridge->core_bus
  (0x10000000-0x17ffffff) group1_main_bridge	group1_bus
  (0x10000000-0x17ffffff)
main_core_bridge	group1_bus->group1_main_bridge->main_bus
  (0x70000000-0x7000ffff) group1_main_bridge	group1_bus
  (0x70010000-0x7001ffff) group1_dma1_bridge	group1_bus
  (0x84000000-0x8400ffff) RS232_Uart_1	group1_bus->group1_main_bridge->main_bus
  (0x84010000-0x8401ffff) mdm_0	group1_bus->group1_main_bridge->main_bus
  (0x84020000-0x8402ffff)
main_dma_bridge	group1_bus->group1_main_bridge->main_bus
  (0x84020000-0x8402ffff)
xps_hwicap_0	group1_bus->group1_main_bridge->main_bus->main_dma_bridge->dma_bus
  (0x84030000-0x8403ffff)
SysACE_CompactFlash	group1_bus->group1_main_bridge->main_bus
  (0x84050000-0x8405ffff)
xps_central_dma_0	group1_bus->group1_main_bridge->main_bus
  (0x840a0000-0x840affff)
plb_hthreads_timer_0	group1_bus->group1_main_bridge->main_bus
  (0x840b2000-0x840b2fff) xps_timer_0	group1_bus->group1_main_bridge->main_bus
  (0x84200000-0x8420ffff)
plb_hthread_reset_core_0	group1_bus->group1_main_bridge->main_bus
  (0x84000000-0x84ffffff) group1_main_bridge	group1_bus
  (0x85050000-0x8505ffff) xps_central_dma_1	group1_bus
  (0x850a0000-0x850affff) plb_hthreads_timer_1	group1_bus
  (0xa0000000-0xafffffff) group1_main_bridge	group1_bus
  (0xa0000000-0xafffffff) mpmc_0	group1_bus->group1_main_bridge->main_bus
  (0xa0000000-0xafffffff) mpmc_0	microblaze1_IXCL
  (0xc0000000-0xc0000fff) vhwti_local_cntlr1	group1_bus
  (0xe0000000-0xe0003fff) bramA1_cntlr	group1_bus->group1_dma1_bridge->dma1_bus
  (0xe0010000-0xe0013fff) bramb1_cntlr	group1_bus->group1_dma1_bridge->dma1_bus
  (0xe0020000-0xe0023fff) bramC1_cntlr	group1_bus->group1_dma1_bridge->dma1_bus
  (0xe0000000-0xefffffff) group1_dma1_bridge	group1_bus
Address Map for Processor microblaze2
  (0000000000-0x00003fff) dlmb_cntlr2	dlmb2
  (0000000000-0x00003fff) ilmb_cntlr2	ilmb2
  (0x11000000-0x1103ffff)
thread_manager	group2_bus->group2_main_bridge->main_bus->main_core_bridge->core_
bus
  (0x11100000-0x1117ffff)
cond_vars	group2_bus->group2_main_bridge->main_bus->main_core_bridge->core_bus
  (0x12000000-0x12ffffff)
scheduler	group2_bus->group2_main_bridge->main_bus->main_core_bridge->core_bus
  (0x13000000-0x13ffffff)
sync_manager	group2_bus->group2_main_bridge->main_bus->main_core_bridge->core_bu
s
  (0x15040000-0x1504ffff)
xps_intc_0	group2_bus->group2_main_bridge->main_bus->main_core_bridge->core_bus
  (0x10000000-0x17ffffff) group2_main_bridge	group2_bus
  (0x10000000-0x17ffffff)
main_core_bridge	group2_bus->group2_main_bridge->main_bus
  (0x70000000-0x7000ffff) group2_main_bridge	group2_bus
  (0x70010000-0x7001ffff) group2_dma2_bridge	group2_bus
  (0x84000000-0x8400ffff) RS232_Uart_1	group2_bus->group2_main_bridge->main_bus
  (0x84010000-0x8401ffff) mdm_0	group2_bus->group2_main_bridge->main_bus
  (0x84020000-0x8402ffff)
main_dma_bridge	group2_bus->group2_main_bridge->main_bus
  (0x84020000-0x8402ffff)
xps_hwicap_0	group2_bus->group2_main_bridge->main_bus->main_dma_bridge->dma_bus
  (0x84030000-0x8403ffff)
SysACE_CompactFlash	group2_bus->group2_main_bridge->main_bus
  (0x84050000-0x8405ffff)
xps_central_dma_0	group2_bus->group2_main_bridge->main_bus
  (0x840a0000-0x840affff)
plb_hthreads_timer_0	group2_bus->group2_main_bridge->main_bus
  (0x840b2000-0x840b2fff) xps_timer_0	group2_bus->group2_main_bridge->main_bus
  (0x84200000-0x8420ffff)
plb_hthread_reset_core_0	group2_bus->group2_main_bridge->main_bus
  (0x84000000-0x84ffffff) group2_main_bridge	group2_bus
  (0x85050000-0x8505ffff) xps_central_dma_2	group2_bus
  (0x850a0000-0x850affff) plb_hthreads_timer_2	group2_bus
  (0xa0000000-0xafffffff) group2_main_bridge	group2_bus
  (0xa0000000-0xafffffff) mpmc_0	group2_bus->group2_main_bridge->main_bus
  (0xa0000000-0xafffffff) mpmc_0	microblaze2_IXCL
  (0xc0000000-0xc0000fff) vhwti_local_cntlr2	group2_bus
  (0xe0000000-0xe0003fff) bramA2_cntlr	group2_bus->group2_dma2_bridge->dma2_bus
  (0xe0010000-0xe0013fff) bramb2_cntlr	group2_bus->group2_dma2_bridge->dma2_bus
  (0xe0020000-0xe0023fff) bramC2_cntlr	group2_bus->group2_dma2_bridge->dma2_bus
  (0xe0000000-0xefffffff) group2_dma2_bridge	group2_bus
Address Map for Processor microblaze3
  (0000000000-0x00003fff) dlmb_cntlr3	dlmb3
  (0000000000-0x00003fff) ilmb_cntlr3	ilmb3
  (0x11000000-0x1103ffff)
thread_manager	group3_bus->group3_main_bridge->main_bus->main_core_bridge->core_
bus
  (0x11100000-0x1117ffff)
cond_vars	group3_bus->group3_main_bridge->main_bus->main_core_bridge->core_bus
  (0x12000000-0x12ffffff)
scheduler	group3_bus->group3_main_bridge->main_bus->main_core_bridge->core_bus
  (0x13000000-0x13ffffff)
sync_manager	group3_bus->group3_main_bridge->main_bus->main_core_bridge->core_bu
s
  (0x15040000-0x1504ffff)
xps_intc_0	group3_bus->group3_main_bridge->main_bus->main_core_bridge->core_bus
  (0x10000000-0x17ffffff) group3_main_bridge	group3_bus
  (0x10000000-0x17ffffff)
main_core_bridge	group3_bus->group3_main_bridge->main_bus
  (0x70000000-0x7000ffff) group3_main_bridge	group3_bus
  (0x70010000-0x7001ffff) group3_dma3_bridge	group3_bus
  (0x84000000-0x8400ffff) RS232_Uart_1	group3_bus->group3_main_bridge->main_bus
  (0x84010000-0x8401ffff) mdm_0	group3_bus->group3_main_bridge->main_bus
  (0x84020000-0x8402ffff)
main_dma_bridge	group3_bus->group3_main_bridge->main_bus
  (0x84020000-0x8402ffff)
xps_hwicap_0	group3_bus->group3_main_bridge->main_bus->main_dma_bridge->dma_bus
  (0x84030000-0x8403ffff)
SysACE_CompactFlash	group3_bus->group3_main_bridge->main_bus
  (0x84050000-0x8405ffff)
xps_central_dma_0	group3_bus->group3_main_bridge->main_bus
  (0x840a0000-0x840affff)
plb_hthreads_timer_0	group3_bus->group3_main_bridge->main_bus
  (0x840b2000-0x840b2fff) xps_timer_0	group3_bus->group3_main_bridge->main_bus
  (0x84200000-0x8420ffff)
plb_hthread_reset_core_0	group3_bus->group3_main_bridge->main_bus
  (0x84000000-0x84ffffff) group3_main_bridge	group3_bus
  (0x85050000-0x8505ffff) xps_central_dma_3	group3_bus
  (0x850a0000-0x850affff) plb_hthreads_timer_3	group3_bus
  (0xa0000000-0xafffffff) group3_main_bridge	group3_bus
  (0xa0000000-0xafffffff) mpmc_0	group3_bus->group3_main_bridge->main_bus
  (0xa0000000-0xafffffff) mpmc_0	microblaze3_IXCL
  (0xc0000000-0xc0000fff) vhwti_local_cntlr3	group3_bus
  (0xe0000000-0xe0003fff) bramA3_cntlr	group3_bus->group3_dma3_bridge->dma3_bus
  (0xe0010000-0xe0013fff) bramb3_cntlr	group3_bus->group3_dma3_bridge->dma3_bus
  (0xe0020000-0xe0023fff) bramC3_cntlr	group3_bus->group3_dma3_bridge->dma3_bus
  (0xe0000000-0xefffffff) group3_dma3_bridge	group3_bus
Address Map for Processor microblaze4
  (0000000000-0x00003fff) dlmb_cntlr4	dlmb4
  (0000000000-0x00003fff) ilmb_cntlr4	ilmb4
  (0x11000000-0x1103ffff)
thread_manager	group4_bus->group4_main_bridge->main_bus->main_core_bridge->core_
bus
  (0x11100000-0x1117ffff)
cond_vars	group4_bus->group4_main_bridge->main_bus->main_core_bridge->core_bus
  (0x12000000-0x12ffffff)
scheduler	group4_bus->group4_main_bridge->main_bus->main_core_bridge->core_bus
  (0x13000000-0x13ffffff)
sync_manager	group4_bus->group4_main_bridge->main_bus->main_core_bridge->core_bu
s
  (0x15040000-0x1504ffff)
xps_intc_0	group4_bus->group4_main_bridge->main_bus->main_core_bridge->core_bus
  (0x10000000-0x17ffffff) group4_main_bridge	group4_bus
  (0x10000000-0x17ffffff)
main_core_bridge	group4_bus->group4_main_bridge->main_bus
  (0x70000000-0x7000ffff) group4_main_bridge	group4_bus
  (0x70010000-0x7001ffff) group4_dma4_bridge	group4_bus
  (0x84000000-0x8400ffff) RS232_Uart_1	group4_bus->group4_main_bridge->main_bus
  (0x84010000-0x8401ffff) mdm_0	group4_bus->group4_main_bridge->main_bus
  (0x84020000-0x8402ffff)
main_dma_bridge	group4_bus->group4_main_bridge->main_bus
  (0x84020000-0x8402ffff)
xps_hwicap_0	group4_bus->group4_main_bridge->main_bus->main_dma_bridge->dma_bus
  (0x84030000-0x8403ffff)
SysACE_CompactFlash	group4_bus->group4_main_bridge->main_bus
  (0x84050000-0x8405ffff)
xps_central_dma_0	group4_bus->group4_main_bridge->main_bus
  (0x840a0000-0x840affff)
plb_hthreads_timer_0	group4_bus->group4_main_bridge->main_bus
  (0x840b2000-0x840b2fff) xps_timer_0	group4_bus->group4_main_bridge->main_bus
  (0x84200000-0x8420ffff)
plb_hthread_reset_core_0	group4_bus->group4_main_bridge->main_bus
  (0x84000000-0x84ffffff) group4_main_bridge	group4_bus
  (0x85050000-0x8505ffff) xps_central_dma_4	group4_bus
  (0x850a0000-0x850affff) plb_hthreads_timer_4	group4_bus
  (0xa0000000-0xafffffff) group4_main_bridge	group4_bus
  (0xa0000000-0xafffffff) mpmc_0	group4_bus->group4_main_bridge->main_bus
  (0xa0000000-0xafffffff) mpmc_0	microblaze4_IXCL
  (0xc0000000-0xc0000fff) vhwti_local_cntlr4	group4_bus
  (0xe0000000-0xe0003fff) bramA4_cntlr	group4_bus->group4_dma4_bridge->dma4_bus
  (0xe0010000-0xe0013fff) bramb4_cntlr	group4_bus->group4_dma4_bridge->dma4_bus
  (0xe0020000-0xe0023fff) bramC4_cntlr	group4_bus->group4_dma4_bridge->dma4_bus
  (0xe0000000-0xefffffff) group4_dma4_bridge	group4_bus
Address Map for Processor microblaze5
  (0000000000-0x00003fff) dlmb_cntlr5	dlmb5
  (0000000000-0x00003fff) ilmb_cntlr5	ilmb5
  (0x11000000-0x1103ffff)
thread_manager	group5_bus->group5_main_bridge->main_bus->main_core_bridge->core_
bus
  (0x11100000-0x1117ffff)
cond_vars	group5_bus->group5_main_bridge->main_bus->main_core_bridge->core_bus
  (0x12000000-0x12ffffff)
scheduler	group5_bus->group5_main_bridge->main_bus->main_core_bridge->core_bus
  (0x13000000-0x13ffffff)
sync_manager	group5_bus->group5_main_bridge->main_bus->main_core_bridge->core_bu
s
  (0x15040000-0x1504ffff)
xps_intc_0	group5_bus->group5_main_bridge->main_bus->main_core_bridge->core_bus
  (0x10000000-0x17ffffff) group5_main_bridge	group5_bus
  (0x10000000-0x17ffffff)
main_core_bridge	group5_bus->group5_main_bridge->main_bus
  (0x70000000-0x7000ffff) group5_main_bridge	group5_bus
  (0x70010000-0x7001ffff) group5_dma5_bridge	group5_bus
  (0x84000000-0x8400ffff) RS232_Uart_1	group5_bus->group5_main_bridge->main_bus
  (0x84010000-0x8401ffff) mdm_0	group5_bus->group5_main_bridge->main_bus
  (0x84020000-0x8402ffff)
main_dma_bridge	group5_bus->group5_main_bridge->main_bus
  (0x84020000-0x8402ffff)
xps_hwicap_0	group5_bus->group5_main_bridge->main_bus->main_dma_bridge->dma_bus
  (0x84030000-0x8403ffff)
SysACE_CompactFlash	group5_bus->group5_main_bridge->main_bus
  (0x84050000-0x8405ffff)
xps_central_dma_0	group5_bus->group5_main_bridge->main_bus
  (0x840a0000-0x840affff)
plb_hthreads_timer_0	group5_bus->group5_main_bridge->main_bus
  (0x840b2000-0x840b2fff) xps_timer_0	group5_bus->group5_main_bridge->main_bus
  (0x84200000-0x8420ffff)
plb_hthread_reset_core_0	group5_bus->group5_main_bridge->main_bus
  (0x84000000-0x84ffffff) group5_main_bridge	group5_bus
  (0x85050000-0x8505ffff) xps_central_dma_5	group5_bus
  (0x850a0000-0x850affff) plb_hthreads_timer_5	group5_bus
  (0xa0000000-0xafffffff) group5_main_bridge	group5_bus
  (0xa0000000-0xafffffff) mpmc_0	group5_bus->group5_main_bridge->main_bus
  (0xa0000000-0xafffffff) mpmc_0	microblaze5_IXCL
  (0xc0000000-0xc0000fff) vhwti_local_cntlr5	group5_bus
  (0xe0000000-0xe0003fff) bramA5_cntlr	group5_bus->group5_dma5_bridge->dma5_bus
  (0xe0010000-0xe0013fff) bramb5_cntlr	group5_bus->group5_dma5_bridge->dma5_bus
  (0xe0020000-0xe0023fff) bramC5_cntlr	group5_bus->group5_dma5_bridge->dma5_bus
  (0xe0000000-0xefffffff) group5_dma5_bridge	group5_bus
Address Map for Processor microblaze6
  (0000000000-0x00003fff) dlmb_cntlr6	dlmb6
  (0000000000-0x00003fff) ilmb_cntlr6	ilmb6
  (0x11000000-0x1103ffff)
thread_manager	group6_bus->group6_main_bridge->main_bus->main_core_bridge->core_
bus
  (0x11100000-0x1117ffff)
cond_vars	group6_bus->group6_main_bridge->main_bus->main_core_bridge->core_bus
  (0x12000000-0x12ffffff)
scheduler	group6_bus->group6_main_bridge->main_bus->main_core_bridge->core_bus
  (0x13000000-0x13ffffff)
sync_manager	group6_bus->group6_main_bridge->main_bus->main_core_bridge->core_bu
s
  (0x15040000-0x1504ffff)
xps_intc_0	group6_bus->group6_main_bridge->main_bus->main_core_bridge->core_bus
  (0x10000000-0x17ffffff) group6_main_bridge	group6_bus
  (0x10000000-0x17ffffff)
main_core_bridge	group6_bus->group6_main_bridge->main_bus
  (0x70000000-0x7000ffff) group6_main_bridge	group6_bus
  (0x70010000-0x7001ffff) group6_dma6_bridge	group6_bus
  (0x84000000-0x8400ffff) RS232_Uart_1	group6_bus->group6_main_bridge->main_bus
  (0x84010000-0x8401ffff) mdm_0	group6_bus->group6_main_bridge->main_bus
  (0x84020000-0x8402ffff)
main_dma_bridge	group6_bus->group6_main_bridge->main_bus
  (0x84020000-0x8402ffff)
xps_hwicap_0	group6_bus->group6_main_bridge->main_bus->main_dma_bridge->dma_bus
  (0x84030000-0x8403ffff)
SysACE_CompactFlash	group6_bus->group6_main_bridge->main_bus
  (0x84050000-0x8405ffff)
xps_central_dma_0	group6_bus->group6_main_bridge->main_bus
  (0x840a0000-0x840affff)
plb_hthreads_timer_0	group6_bus->group6_main_bridge->main_bus
  (0x840b2000-0x840b2fff) xps_timer_0	group6_bus->group6_main_bridge->main_bus
  (0x84200000-0x8420ffff)
plb_hthread_reset_core_0	group6_bus->group6_main_bridge->main_bus
  (0x84000000-0x84ffffff) group6_main_bridge	group6_bus
  (0x85050000-0x8505ffff) xps_central_dma_6	group6_bus
  (0x850a0000-0x850affff) plb_hthreads_timer_6	group6_bus
  (0xa0000000-0xafffffff) group6_main_bridge	group6_bus
  (0xa0000000-0xafffffff) mpmc_0	group6_bus->group6_main_bridge->main_bus
  (0xa0000000-0xafffffff) mpmc_0	microblaze6_IXCL
  (0xc0000000-0xc0000fff) vhwti_local_cntlr6	group6_bus
  (0xe0000000-0xe0003fff) bramA6_cntlr	group6_bus->group6_dma6_bridge->dma6_bus
  (0xe0010000-0xe0013fff) bramb6_cntlr	group6_bus->group6_dma6_bridge->dma6_bus
  (0xe0020000-0xe0023fff) bramC6_cntlr	group6_bus->group6_dma6_bridge->dma6_bus
  (0xe0000000-0xefffffff) group6_dma6_bridge	group6_bus
INFO:EDK - IPNAME:mpmc INSTANCE:mpmc_0 -
   /opt/Xilinx/latest/ISE_DS/EDK/hw/XilinxProcessorIPLib/pcores/mpmc_v6_02_a/dat
   a/mpmc_v2_1_0.mpd line 663 - tool is overriding PARAMETER C_SPLB6_P2P value
   to 0
INFO:EDK - IPNAME:mpmc INSTANCE:mpmc_0 -
   /opt/Xilinx/latest/ISE_DS/EDK/hw/XilinxProcessorIPLib/pcores/mpmc_v6_02_a/dat
   a/mpmc_v2_1_0.mpd line 714 - tool is overriding PARAMETER C_SPLB7_P2P value
   to 0
INFO:EDK - IPNAME:xps_intc INSTANCE:xps_intc_0 -
   /home/eugene/hthreads/src/hardware/XilinxProcessorIP/pcores/xps_intc_v2_01_a/
   data/xps_intc_v2_1_0.mpd line 73 - tool is overriding PARAMETER
   C_SPLB_NUM_MASTERS value to 4
INFO:EDK - IPNAME:xps_intc INSTANCE:xps_intc_0 -
   /home/eugene/hthreads/src/hardware/XilinxProcessorIP/pcores/xps_intc_v2_01_a/
   data/xps_intc_v2_1_0.mpd line 74 - tool is overriding PARAMETER
   C_SPLB_MID_WIDTH value to 2
INFO:EDK - IPNAME:plb_thread_manager INSTANCE:thread_manager -
   /home/eugene/hthreads/src/platforms/xilinx/pr_6smp/design/pcores/plb_thread_m
   anager_v1_00_a/data/plb_thread_manager_v2_1_0.mpd line 27 - tool is
   overriding PARAMETER C_SPLB_DWIDTH value to 32
INFO:EDK - IPNAME:plb_thread_manager INSTANCE:thread_manager -
   /home/eugene/hthreads/src/platforms/xilinx/pr_6smp/design/pcores/plb_thread_m
   anager_v1_00_a/data/plb_thread_manager_v2_1_0.mpd line 28 - tool is
   overriding PARAMETER C_SPLB_NUM_MASTERS value to 4
INFO:EDK - IPNAME:plb_thread_manager INSTANCE:thread_manager -
   /home/eugene/hthreads/src/platforms/xilinx/pr_6smp/design/pcores/plb_thread_m
   anager_v1_00_a/data/plb_thread_manager_v2_1_0.mpd line 29 - tool is
   overriding PARAMETER C_SPLB_MID_WIDTH value to 2
INFO:EDK - IPNAME:plb_v46 INSTANCE:main_bus -
   /opt/Xilinx/latest/ISE_DS/EDK/hw/XilinxProcessorIPLib/pcores/plb_v46_v1_05_a/
   data/plb_v46_v2_1_0.mpd line 69 - tool is overriding PARAMETER
   C_PLBV46_NUM_MASTERS value to 10
INFO:EDK - IPNAME:plb_v46 INSTANCE:main_bus -
   /opt/Xilinx/latest/ISE_DS/EDK/hw/XilinxProcessorIPLib/pcores/plb_v46_v1_05_a/
   data/plb_v46_v2_1_0.mpd line 70 - tool is overriding PARAMETER
   C_PLBV46_NUM_SLAVES value to 11
INFO:EDK - IPNAME:plb_v46 INSTANCE:main_bus -
   /opt/Xilinx/latest/ISE_DS/EDK/hw/XilinxProcessorIPLib/pcores/plb_v46_v1_05_a/
   data/plb_v46_v2_1_0.mpd line 71 - tool is overriding PARAMETER
   C_PLBV46_MID_WIDTH value to 4
INFO:EDK - IPNAME:microblaze INSTANCE:microblaze0 -
   /opt/Xilinx/latest/ISE_DS/EDK/hw/XilinxProcessorIPLib/pcores/microblaze_v8_00
   _a/data/microblaze_v2_1_0.mpd line 188 - tool is overriding PARAMETER
   C_DPLB_DWIDTH value to 64
INFO:EDK - IPNAME:microblaze INSTANCE:microblaze0 -
   /opt/Xilinx/latest/ISE_DS/EDK/hw/XilinxProcessorIPLib/pcores/microblaze_v8_00
   _a/data/microblaze_v2_1_0.mpd line 192 - tool is overriding PARAMETER
   C_IPLB_DWIDTH value to 64
INFO:EDK - IPNAME:lmb_v10 INSTANCE:ilmb0 -
   /opt/Xilinx/latest/ISE_DS/EDK/hw/XilinxProcessorIPLib/pcores/lmb_v10_v1_00_a/
   data/lmb_v10_v2_1_0.mpd line 70 - tool is overriding PARAMETER
   C_LMB_NUM_SLAVES value to 1
INFO:EDK - IPNAME:lmb_v10 INSTANCE:dlmb0 -
   /opt/Xilinx/latest/ISE_DS/EDK/hw/XilinxProcessorIPLib/pcores/lmb_v10_v1_00_a/
   data/lmb_v10_v2_1_0.mpd line 70 - tool is overriding PARAMETER
   C_LMB_NUM_SLAVES value to 1
INFO:EDK - IPNAME:bram_block INSTANCE:host_bram0 -
   /opt/Xilinx/latest/ISE_DS/EDK/hw/XilinxProcessorIPLib/pcores/bram_block_v1_00
   _a/data/bram_block_v2_1_0.mpd line 67 - tool is overriding PARAMETER
   C_MEMSIZE value to 0x4000
INFO:EDK - IPNAME:plbv46_plbv46_bridge INSTANCE:core_main_bridge -
   /opt/Xilinx/latest/ISE_DS/EDK/hw/XilinxProcessorIPLib/pcores/plbv46_plbv46_br
   idge_v1_03_a/data/plbv46_plbv46_bridge_v2_1_0.mpd line 77 - tool is
   overriding PARAMETER C_SPLB_MID_WIDTH value to 2
INFO:EDK - IPNAME:plbv46_plbv46_bridge INSTANCE:core_main_bridge -
   /opt/Xilinx/latest/ISE_DS/EDK/hw/XilinxProcessorIPLib/pcores/plbv46_plbv46_br
   idge_v1_03_a/data/plbv46_plbv46_bridge_v2_1_0.mpd line 78 - tool is
   overriding PARAMETER C_SPLB_NUM_MASTERS value to 4
INFO:EDK - IPNAME:plbv46_plbv46_bridge INSTANCE:core_main_bridge -
   /opt/Xilinx/latest/ISE_DS/EDK/hw/XilinxProcessorIPLib/pcores/plbv46_plbv46_br
   idge_v1_03_a/data/plbv46_plbv46_bridge_v2_1_0.mpd line 84 - tool is
   overriding PARAMETER C_MPLB_DWIDTH value to 64
INFO:EDK - IPNAME:plbv46_plbv46_bridge INSTANCE:main_core_bridge -
   /opt/Xilinx/latest/ISE_DS/EDK/hw/XilinxProcessorIPLib/pcores/plbv46_plbv46_br
   idge_v1_03_a/data/plbv46_plbv46_bridge_v2_1_0.mpd line 77 - tool is
   overriding PARAMETER C_SPLB_MID_WIDTH value to 4
INFO:EDK - IPNAME:plbv46_plbv46_bridge INSTANCE:main_core_bridge -
   /opt/Xilinx/latest/ISE_DS/EDK/hw/XilinxProcessorIPLib/pcores/plbv46_plbv46_br
   idge_v1_03_a/data/plbv46_plbv46_bridge_v2_1_0.mpd line 78 - tool is
   overriding PARAMETER C_SPLB_NUM_MASTERS value to 10
INFO:EDK - IPNAME:plbv46_plbv46_bridge INSTANCE:main_core_bridge -
   /opt/Xilinx/latest/ISE_DS/EDK/hw/XilinxProcessorIPLib/pcores/plbv46_plbv46_br
   idge_v1_03_a/data/plbv46_plbv46_bridge_v2_1_0.mpd line 82 - tool is
   overriding PARAMETER C_SPLB_DWIDTH value to 64
INFO:EDK - IPNAME:plb_v46 INSTANCE:core_bus -
   /opt/Xilinx/latest/ISE_DS/EDK/hw/XilinxProcessorIPLib/pcores/plb_v46_v1_05_a/
   data/plb_v46_v2_1_0.mpd line 70 - tool is overriding PARAMETER
   C_PLBV46_NUM_SLAVES value to 6
INFO:EDK - IPNAME:plb_v46 INSTANCE:core_bus -
   /opt/Xilinx/latest/ISE_DS/EDK/hw/XilinxProcessorIPLib/pcores/plb_v46_v1_05_a/
   data/plb_v46_v2_1_0.mpd line 73 - tool is overriding PARAMETER
   C_PLBV46_DWIDTH value to 32
INFO:EDK - IPNAME:plb_cond_vars INSTANCE:cond_vars -
   /home/eugene/hthreads/src/platforms/xilinx/pr_6smp/design/pcores/plb_cond_var
   s_v1_00_a/data/plb_cond_vars_v2_1_0.mpd line 29 - tool is overriding
   PARAMETER C_SPLB_DWIDTH value to 32
INFO:EDK - IPNAME:plb_cond_vars INSTANCE:cond_vars -
   /home/eugene/hthreads/src/platforms/xilinx/pr_6smp/design/pcores/plb_cond_var
   s_v1_00_a/data/plb_cond_vars_v2_1_0.mpd line 30 - tool is overriding
   PARAMETER C_SPLB_NUM_MASTERS value to 4
INFO:EDK - IPNAME:plb_cond_vars INSTANCE:cond_vars -
   /home/eugene/hthreads/src/platforms/xilinx/pr_6smp/design/pcores/plb_cond_var
   s_v1_00_a/data/plb_cond_vars_v2_1_0.mpd line 31 - tool is overriding
   PARAMETER C_SPLB_MID_WIDTH value to 2
INFO:EDK - IPNAME:plb_cond_vars INSTANCE:cond_vars -
   /home/eugene/hthreads/src/platforms/xilinx/pr_6smp/design/pcores/plb_cond_var
   s_v1_00_a/data/plb_cond_vars_v2_1_0.mpd line 40 - tool is overriding
   PARAMETER C_MPLB_DWIDTH value to 32
INFO:EDK - IPNAME:plb_scheduler INSTANCE:scheduler -
   /home/eugene/hthreads/src/platforms/xilinx/pr_6smp/design/pcores/plb_schedule
   r_v1_00_a/data/plb_scheduler_v2_1_0.mpd line 28 - tool is overriding
   PARAMETER C_SPLB_DWIDTH value to 32
INFO:EDK - IPNAME:plb_scheduler INSTANCE:scheduler -
   /home/eugene/hthreads/src/platforms/xilinx/pr_6smp/design/pcores/plb_schedule
   r_v1_00_a/data/plb_scheduler_v2_1_0.mpd line 29 - tool is overriding
   PARAMETER C_SPLB_NUM_MASTERS value to 4
INFO:EDK - IPNAME:plb_scheduler INSTANCE:scheduler -
   /home/eugene/hthreads/src/platforms/xilinx/pr_6smp/design/pcores/plb_schedule
   r_v1_00_a/data/plb_scheduler_v2_1_0.mpd line 30 - tool is overriding
   PARAMETER C_SPLB_MID_WIDTH value to 2
INFO:EDK - IPNAME:plb_scheduler INSTANCE:scheduler -
   /home/eugene/hthreads/src/platforms/xilinx/pr_6smp/design/pcores/plb_schedule
   r_v1_00_a/data/plb_scheduler_v2_1_0.mpd line 39 - tool is overriding
   PARAMETER C_MPLB_DWIDTH value to 32
INFO:EDK - IPNAME:plb_sync_manager INSTANCE:sync_manager -
   /home/eugene/hthreads/src/platforms/xilinx/pr_6smp/design/pcores/plb_sync_man
   ager_v1_00_a/data/plb_sync_manager_v2_1_0.mpd line 33 - tool is overriding
   PARAMETER C_SPLB_DWIDTH value to 32
INFO:EDK - IPNAME:plb_sync_manager INSTANCE:sync_manager -
   /home/eugene/hthreads/src/platforms/xilinx/pr_6smp/design/pcores/plb_sync_man
   ager_v1_00_a/data/plb_sync_manager_v2_1_0.mpd line 34 - tool is overriding
   PARAMETER C_SPLB_NUM_MASTERS value to 4
INFO:EDK - IPNAME:plb_sync_manager INSTANCE:sync_manager -
   /home/eugene/hthreads/src/platforms/xilinx/pr_6smp/design/pcores/plb_sync_man
   ager_v1_00_a/data/plb_sync_manager_v2_1_0.mpd line 35 - tool is overriding
   PARAMETER C_SPLB_MID_WIDTH value to 2
INFO:EDK - IPNAME:plb_sync_manager INSTANCE:sync_manager -
   /home/eugene/hthreads/src/platforms/xilinx/pr_6smp/design/pcores/plb_sync_man
   ager_v1_00_a/data/plb_sync_manager_v2_1_0.mpd line 44 - tool is overriding
   PARAMETER C_MPLB_DWIDTH value to 32
INFO:EDK - IPNAME:plb_hthread_reset_core INSTANCE:plb_hthread_reset_core_0 -
   /home/eugene/hthreads/src/platforms/xilinx/pr_6smp/design/pcores/plb_hthread_
   reset_core_v1_00_a/data/plb_hthread_reset_core_v2_1_0.mpd line 27 - tool is
   overriding PARAMETER C_SPLB_DWIDTH value to 64
INFO:EDK - IPNAME:plb_hthread_reset_core INSTANCE:plb_hthread_reset_core_0 -
   /home/eugene/hthreads/src/platforms/xilinx/pr_6smp/design/pcores/plb_hthread_
   reset_core_v1_00_a/data/plb_hthread_reset_core_v2_1_0.mpd line 28 - tool is
   overriding PARAMETER C_SPLB_NUM_MASTERS value to 10
INFO:EDK - IPNAME:plb_hthread_reset_core INSTANCE:plb_hthread_reset_core_0 -
   /home/eugene/hthreads/src/platforms/xilinx/pr_6smp/design/pcores/plb_hthread_
   reset_core_v1_00_a/data/plb_hthread_reset_core_v2_1_0.mpd line 29 - tool is
   overriding PARAMETER C_SPLB_MID_WIDTH value to 4
INFO:EDK - IPNAME:plb_v46 INSTANCE:group1_bus -
   /opt/Xilinx/latest/ISE_DS/EDK/hw/XilinxProcessorIPLib/pcores/plb_v46_v1_05_a/
   data/plb_v46_v2_1_0.mpd line 69 - tool is overriding PARAMETER
   C_PLBV46_NUM_MASTERS value to 2
INFO:EDK - IPNAME:plb_v46 INSTANCE:group1_bus -
   /opt/Xilinx/latest/ISE_DS/EDK/hw/XilinxProcessorIPLib/pcores/plb_v46_v1_05_a/
   data/plb_v46_v2_1_0.mpd line 70 - tool is overriding PARAMETER
   C_PLBV46_NUM_SLAVES value to 5
INFO:EDK - IPNAME:plb_v46 INSTANCE:group1_bus -
   /opt/Xilinx/latest/ISE_DS/EDK/hw/XilinxProcessorIPLib/pcores/plb_v46_v1_05_a/
   data/plb_v46_v2_1_0.mpd line 71 - tool is overriding PARAMETER
   C_PLBV46_MID_WIDTH value to 1
INFO:EDK - IPNAME:plb_v46 INSTANCE:group1_bus -
   /opt/Xilinx/latest/ISE_DS/EDK/hw/XilinxProcessorIPLib/pcores/plb_v46_v1_05_a/
   data/plb_v46_v2_1_0.mpd line 73 - tool is overriding PARAMETER
   C_PLBV46_DWIDTH value to 32
INFO:EDK - IPNAME:plbv46_plbv46_bridge INSTANCE:group1_main_bridge -
   /opt/Xilinx/latest/ISE_DS/EDK/hw/XilinxProcessorIPLib/pcores/plbv46_plbv46_br
   idge_v1_03_a/data/plbv46_plbv46_bridge_v2_1_0.mpd line 78 - tool is
   overriding PARAMETER C_SPLB_NUM_MASTERS value to 2
INFO:EDK - IPNAME:plbv46_plbv46_bridge INSTANCE:group1_main_bridge -
   /opt/Xilinx/latest/ISE_DS/EDK/hw/XilinxProcessorIPLib/pcores/plbv46_plbv46_br
   idge_v1_03_a/data/plbv46_plbv46_bridge_v2_1_0.mpd line 84 - tool is
   overriding PARAMETER C_MPLB_DWIDTH value to 64
INFO:EDK - IPNAME:plb_v46 INSTANCE:dma1_bus -
   /opt/Xilinx/latest/ISE_DS/EDK/hw/XilinxProcessorIPLib/pcores/plb_v46_v1_05_a/
   data/plb_v46_v2_1_0.mpd line 69 - tool is overriding PARAMETER
   C_PLBV46_NUM_MASTERS value to 2
INFO:EDK - IPNAME:plb_v46 INSTANCE:dma1_bus -
   /opt/Xilinx/latest/ISE_DS/EDK/hw/XilinxProcessorIPLib/pcores/plb_v46_v1_05_a/
   data/plb_v46_v2_1_0.mpd line 70 - tool is overriding PARAMETER
   C_PLBV46_NUM_SLAVES value to 4
INFO:EDK - IPNAME:plb_v46 INSTANCE:dma1_bus -
   /opt/Xilinx/latest/ISE_DS/EDK/hw/XilinxProcessorIPLib/pcores/plb_v46_v1_05_a/
   data/plb_v46_v2_1_0.mpd line 71 - tool is overriding PARAMETER
   C_PLBV46_MID_WIDTH value to 1
INFO:EDK - IPNAME:plb_v46 INSTANCE:dma1_bus -
   /opt/Xilinx/latest/ISE_DS/EDK/hw/XilinxProcessorIPLib/pcores/plb_v46_v1_05_a/
   data/plb_v46_v2_1_0.mpd line 73 - tool is overriding PARAMETER
   C_PLBV46_DWIDTH value to 32
INFO:EDK - IPNAME:plb_hthreads_timer INSTANCE:plb_hthreads_timer_1 -
   /home/eugene/hthreads/src/platforms/xilinx/pr_6smp/design/pcores/plb_hthreads
   _timer_v1_00_a/data/plb_hthreads_timer_v2_1_0.mpd line 28 - tool is
   overriding PARAMETER C_SPLB_DWIDTH value to 32
INFO:EDK - IPNAME:plb_hthreads_timer INSTANCE:plb_hthreads_timer_1 -
   /home/eugene/hthreads/src/platforms/xilinx/pr_6smp/design/pcores/plb_hthreads
   _timer_v1_00_a/data/plb_hthreads_timer_v2_1_0.mpd line 29 - tool is
   overriding PARAMETER C_SPLB_NUM_MASTERS value to 2
INFO:EDK - IPNAME:plb_hthreads_timer INSTANCE:plb_hthreads_timer_1 -
   /home/eugene/hthreads/src/platforms/xilinx/pr_6smp/design/pcores/plb_hthreads
   _timer_v1_00_a/data/plb_hthreads_timer_v2_1_0.mpd line 30 - tool is
   overriding PARAMETER C_SPLB_MID_WIDTH value to 1
INFO:EDK - IPNAME:xps_central_dma INSTANCE:xps_central_dma_1 -
   /opt/Xilinx/latest/ISE_DS/EDK/hw/XilinxProcessorIPLib/pcores/xps_central_dma_
   v2_03_a/data/xps_central_dma_v2_1_0.mpd line 72 - tool is overriding
   PARAMETER C_SPLB_NUM_MASTERS value to 2
INFO:EDK - IPNAME:plbv46_plbv46_bridge INSTANCE:dma1_dma_bridge -
   /opt/Xilinx/latest/ISE_DS/EDK/hw/XilinxProcessorIPLib/pcores/plbv46_plbv46_br
   idge_v1_03_a/data/plbv46_plbv46_bridge_v2_1_0.mpd line 78 - tool is
   overriding PARAMETER C_SPLB_NUM_MASTERS value to 2
INFO:EDK - IPNAME:plbv46_plbv46_bridge INSTANCE:dma1_dma_bridge -
   /opt/Xilinx/latest/ISE_DS/EDK/hw/XilinxProcessorIPLib/pcores/plbv46_plbv46_br
   idge_v1_03_a/data/plbv46_plbv46_bridge_v2_1_0.mpd line 84 - tool is
   overriding PARAMETER C_MPLB_DWIDTH value to 64
INFO:EDK - IPNAME:plbv46_plbv46_bridge INSTANCE:group1_dma1_bridge -
   /opt/Xilinx/latest/ISE_DS/EDK/hw/XilinxProcessorIPLib/pcores/plbv46_plbv46_br
   idge_v1_03_a/data/plbv46_plbv46_bridge_v2_1_0.mpd line 78 - tool is
   overriding PARAMETER C_SPLB_NUM_MASTERS value to 2
INFO:EDK - IPNAME:bram_block INSTANCE:bramA1 -
   /opt/Xilinx/latest/ISE_DS/EDK/hw/XilinxProcessorIPLib/pcores/bram_block_v1_00
   _a/data/bram_block_v2_1_0.mpd line 67 - tool is overriding PARAMETER
   C_MEMSIZE value to 0x4000
INFO:EDK - IPNAME:bram_block INSTANCE:bramB1 -
   /opt/Xilinx/latest/ISE_DS/EDK/hw/XilinxProcessorIPLib/pcores/bram_block_v1_00
   _a/data/bram_block_v2_1_0.mpd line 67 - tool is overriding PARAMETER
   C_MEMSIZE value to 0x4000
INFO:EDK - IPNAME:bram_block INSTANCE:bramC1 -
   /opt/Xilinx/latest/ISE_DS/EDK/hw/XilinxProcessorIPLib/pcores/bram_block_v1_00
   _a/data/bram_block_v2_1_0.mpd line 67 - tool is overriding PARAMETER
   C_MEMSIZE value to 0x4000
INFO:EDK - IPNAME:lmb_v10 INSTANCE:ilmb1 -
   /opt/Xilinx/latest/ISE_DS/EDK/hw/XilinxProcessorIPLib/pcores/lmb_v10_v1_00_a/
   data/lmb_v10_v2_1_0.mpd line 70 - tool is overriding PARAMETER
   C_LMB_NUM_SLAVES value to 1
INFO:EDK - IPNAME:lmb_v10 INSTANCE:dlmb1 -
   /opt/Xilinx/latest/ISE_DS/EDK/hw/XilinxProcessorIPLib/pcores/lmb_v10_v1_00_a/
   data/lmb_v10_v2_1_0.mpd line 70 - tool is overriding PARAMETER
   C_LMB_NUM_SLAVES value to 1
INFO:EDK - IPNAME:bram_block INSTANCE:lmb_bram1 -
   /opt/Xilinx/latest/ISE_DS/EDK/hw/XilinxProcessorIPLib/pcores/bram_block_v1_00
   _a/data/bram_block_v2_1_0.mpd line 67 - tool is overriding PARAMETER
   C_MEMSIZE value to 0x4000
INFO:EDK - IPNAME:plb_v46 INSTANCE:group2_bus -
   /opt/Xilinx/latest/ISE_DS/EDK/hw/XilinxProcessorIPLib/pcores/plb_v46_v1_05_a/
   data/plb_v46_v2_1_0.mpd line 69 - tool is overriding PARAMETER
   C_PLBV46_NUM_MASTERS value to 2
INFO:EDK - IPNAME:plb_v46 INSTANCE:group2_bus -
   /opt/Xilinx/latest/ISE_DS/EDK/hw/XilinxProcessorIPLib/pcores/plb_v46_v1_05_a/
   data/plb_v46_v2_1_0.mpd line 70 - tool is overriding PARAMETER
   C_PLBV46_NUM_SLAVES value to 5
INFO:EDK - IPNAME:plb_v46 INSTANCE:group2_bus -
   /opt/Xilinx/latest/ISE_DS/EDK/hw/XilinxProcessorIPLib/pcores/plb_v46_v1_05_a/
   data/plb_v46_v2_1_0.mpd line 71 - tool is overriding PARAMETER
   C_PLBV46_MID_WIDTH value to 1
INFO:EDK - IPNAME:plb_v46 INSTANCE:group2_bus -
   /opt/Xilinx/latest/ISE_DS/EDK/hw/XilinxProcessorIPLib/pcores/plb_v46_v1_05_a/
   data/plb_v46_v2_1_0.mpd line 73 - tool is overriding PARAMETER
   C_PLBV46_DWIDTH value to 32
INFO:EDK - IPNAME:plbv46_plbv46_bridge INSTANCE:group2_main_bridge -
   /opt/Xilinx/latest/ISE_DS/EDK/hw/XilinxProcessorIPLib/pcores/plbv46_plbv46_br
   idge_v1_03_a/data/plbv46_plbv46_bridge_v2_1_0.mpd line 78 - tool is
   overriding PARAMETER C_SPLB_NUM_MASTERS value to 2
INFO:EDK - IPNAME:plbv46_plbv46_bridge INSTANCE:group2_main_bridge -
   /opt/Xilinx/latest/ISE_DS/EDK/hw/XilinxProcessorIPLib/pcores/plbv46_plbv46_br
   idge_v1_03_a/data/plbv46_plbv46_bridge_v2_1_0.mpd line 84 - tool is
   overriding PARAMETER C_MPLB_DWIDTH value to 64
INFO:EDK - IPNAME:plb_v46 INSTANCE:dma2_bus -
   /opt/Xilinx/latest/ISE_DS/EDK/hw/XilinxProcessorIPLib/pcores/plb_v46_v1_05_a/
   data/plb_v46_v2_1_0.mpd line 69 - tool is overriding PARAMETER
   C_PLBV46_NUM_MASTERS value to 2
INFO:EDK - IPNAME:plb_v46 INSTANCE:dma2_bus -
   /opt/Xilinx/latest/ISE_DS/EDK/hw/XilinxProcessorIPLib/pcores/plb_v46_v1_05_a/
   data/plb_v46_v2_1_0.mpd line 70 - tool is overriding PARAMETER
   C_PLBV46_NUM_SLAVES value to 4
INFO:EDK - IPNAME:plb_v46 INSTANCE:dma2_bus -
   /opt/Xilinx/latest/ISE_DS/EDK/hw/XilinxProcessorIPLib/pcores/plb_v46_v1_05_a/
   data/plb_v46_v2_1_0.mpd line 71 - tool is overriding PARAMETER
   C_PLBV46_MID_WIDTH value to 1
INFO:EDK - IPNAME:plb_v46 INSTANCE:dma2_bus -
   /opt/Xilinx/latest/ISE_DS/EDK/hw/XilinxProcessorIPLib/pcores/plb_v46_v1_05_a/
   data/plb_v46_v2_1_0.mpd line 73 - tool is overriding PARAMETER
   C_PLBV46_DWIDTH value to 32
INFO:EDK - IPNAME:plb_hthreads_timer INSTANCE:plb_hthreads_timer_2 -
   /home/eugene/hthreads/src/platforms/xilinx/pr_6smp/design/pcores/plb_hthreads
   _timer_v1_00_a/data/plb_hthreads_timer_v2_1_0.mpd line 28 - tool is
   overriding PARAMETER C_SPLB_DWIDTH value to 32
INFO:EDK - IPNAME:plb_hthreads_timer INSTANCE:plb_hthreads_timer_2 -
   /home/eugene/hthreads/src/platforms/xilinx/pr_6smp/design/pcores/plb_hthreads
   _timer_v1_00_a/data/plb_hthreads_timer_v2_1_0.mpd line 29 - tool is
   overriding PARAMETER C_SPLB_NUM_MASTERS value to 2
INFO:EDK - IPNAME:plb_hthreads_timer INSTANCE:plb_hthreads_timer_2 -
   /home/eugene/hthreads/src/platforms/xilinx/pr_6smp/design/pcores/plb_hthreads
   _timer_v1_00_a/data/plb_hthreads_timer_v2_1_0.mpd line 30 - tool is
   overriding PARAMETER C_SPLB_MID_WIDTH value to 1
INFO:EDK - IPNAME:xps_central_dma INSTANCE:xps_central_dma_2 -
   /opt/Xilinx/latest/ISE_DS/EDK/hw/XilinxProcessorIPLib/pcores/xps_central_dma_
   v2_03_a/data/xps_central_dma_v2_1_0.mpd line 72 - tool is overriding
   PARAMETER C_SPLB_NUM_MASTERS value to 2
INFO:EDK - IPNAME:plbv46_plbv46_bridge INSTANCE:dma2_dma_bridge -
   /opt/Xilinx/latest/ISE_DS/EDK/hw/XilinxProcessorIPLib/pcores/plbv46_plbv46_br
   idge_v1_03_a/data/plbv46_plbv46_bridge_v2_1_0.mpd line 78 - tool is
   overriding PARAMETER C_SPLB_NUM_MASTERS value to 2
INFO:EDK - IPNAME:plbv46_plbv46_bridge INSTANCE:dma2_dma_bridge -
   /opt/Xilinx/latest/ISE_DS/EDK/hw/XilinxProcessorIPLib/pcores/plbv46_plbv46_br
   idge_v1_03_a/data/plbv46_plbv46_bridge_v2_1_0.mpd line 84 - tool is
   overriding PARAMETER C_MPLB_DWIDTH value to 64
INFO:EDK - IPNAME:plbv46_plbv46_bridge INSTANCE:group2_dma2_bridge -
   /opt/Xilinx/latest/ISE_DS/EDK/hw/XilinxProcessorIPLib/pcores/plbv46_plbv46_br
   idge_v1_03_a/data/plbv46_plbv46_bridge_v2_1_0.mpd line 78 - tool is
   overriding PARAMETER C_SPLB_NUM_MASTERS value to 2
INFO:EDK - IPNAME:bram_block INSTANCE:bramA2 -
   /opt/Xilinx/latest/ISE_DS/EDK/hw/XilinxProcessorIPLib/pcores/bram_block_v1_00
   _a/data/bram_block_v2_1_0.mpd line 67 - tool is overriding PARAMETER
   C_MEMSIZE value to 0x4000
INFO:EDK - IPNAME:bram_block INSTANCE:bramB2 -
   /opt/Xilinx/latest/ISE_DS/EDK/hw/XilinxProcessorIPLib/pcores/bram_block_v1_00
   _a/data/bram_block_v2_1_0.mpd line 67 - tool is overriding PARAMETER
   C_MEMSIZE value to 0x4000
INFO:EDK - IPNAME:bram_block INSTANCE:bramC2 -
   /opt/Xilinx/latest/ISE_DS/EDK/hw/XilinxProcessorIPLib/pcores/bram_block_v1_00
   _a/data/bram_block_v2_1_0.mpd line 67 - tool is overriding PARAMETER
   C_MEMSIZE value to 0x4000
INFO:EDK - IPNAME:lmb_v10 INSTANCE:dlmb2 -
   /opt/Xilinx/latest/ISE_DS/EDK/hw/XilinxProcessorIPLib/pcores/lmb_v10_v1_00_a/
   data/lmb_v10_v2_1_0.mpd line 70 - tool is overriding PARAMETER
   C_LMB_NUM_SLAVES value to 1
INFO:EDK - IPNAME:lmb_v10 INSTANCE:ilmb2 -
   /opt/Xilinx/latest/ISE_DS/EDK/hw/XilinxProcessorIPLib/pcores/lmb_v10_v1_00_a/
   data/lmb_v10_v2_1_0.mpd line 70 - tool is overriding PARAMETER
   C_LMB_NUM_SLAVES value to 1
INFO:EDK - IPNAME:bram_block INSTANCE:lmb_bram2 -
   /opt/Xilinx/latest/ISE_DS/EDK/hw/XilinxProcessorIPLib/pcores/bram_block_v1_00
   _a/data/bram_block_v2_1_0.mpd line 67 - tool is overriding PARAMETER
   C_MEMSIZE value to 0x4000
INFO:EDK - IPNAME:plb_v46 INSTANCE:group3_bus -
   /opt/Xilinx/latest/ISE_DS/EDK/hw/XilinxProcessorIPLib/pcores/plb_v46_v1_05_a/
   data/plb_v46_v2_1_0.mpd line 69 - tool is overriding PARAMETER
   C_PLBV46_NUM_MASTERS value to 2
INFO:EDK - IPNAME:plb_v46 INSTANCE:group3_bus -
   /opt/Xilinx/latest/ISE_DS/EDK/hw/XilinxProcessorIPLib/pcores/plb_v46_v1_05_a/
   data/plb_v46_v2_1_0.mpd line 70 - tool is overriding PARAMETER
   C_PLBV46_NUM_SLAVES value to 5
INFO:EDK - IPNAME:plb_v46 INSTANCE:group3_bus -
   /opt/Xilinx/latest/ISE_DS/EDK/hw/XilinxProcessorIPLib/pcores/plb_v46_v1_05_a/
   data/plb_v46_v2_1_0.mpd line 71 - tool is overriding PARAMETER
   C_PLBV46_MID_WIDTH value to 1
INFO:EDK - IPNAME:plb_v46 INSTANCE:group3_bus -
   /opt/Xilinx/latest/ISE_DS/EDK/hw/XilinxProcessorIPLib/pcores/plb_v46_v1_05_a/
   data/plb_v46_v2_1_0.mpd line 73 - tool is overriding PARAMETER
   C_PLBV46_DWIDTH value to 32
INFO:EDK - IPNAME:plbv46_plbv46_bridge INSTANCE:group3_main_bridge -
   /opt/Xilinx/latest/ISE_DS/EDK/hw/XilinxProcessorIPLib/pcores/plbv46_plbv46_br
   idge_v1_03_a/data/plbv46_plbv46_bridge_v2_1_0.mpd line 78 - tool is
   overriding PARAMETER C_SPLB_NUM_MASTERS value to 2
INFO:EDK - IPNAME:plbv46_plbv46_bridge INSTANCE:group3_main_bridge -
   /opt/Xilinx/latest/ISE_DS/EDK/hw/XilinxProcessorIPLib/pcores/plbv46_plbv46_br
   idge_v1_03_a/data/plbv46_plbv46_bridge_v2_1_0.mpd line 84 - tool is
   overriding PARAMETER C_MPLB_DWIDTH value to 64
INFO:EDK - IPNAME:plb_v46 INSTANCE:dma3_bus -
   /opt/Xilinx/latest/ISE_DS/EDK/hw/XilinxProcessorIPLib/pcores/plb_v46_v1_05_a/
   data/plb_v46_v2_1_0.mpd line 69 - tool is overriding PARAMETER
   C_PLBV46_NUM_MASTERS value to 2
INFO:EDK - IPNAME:plb_v46 INSTANCE:dma3_bus -
   /opt/Xilinx/latest/ISE_DS/EDK/hw/XilinxProcessorIPLib/pcores/plb_v46_v1_05_a/
   data/plb_v46_v2_1_0.mpd line 70 - tool is overriding PARAMETER
   C_PLBV46_NUM_SLAVES value to 4
INFO:EDK - IPNAME:plb_v46 INSTANCE:dma3_bus -
   /opt/Xilinx/latest/ISE_DS/EDK/hw/XilinxProcessorIPLib/pcores/plb_v46_v1_05_a/
   data/plb_v46_v2_1_0.mpd line 71 - tool is overriding PARAMETER
   C_PLBV46_MID_WIDTH value to 1
INFO:EDK - IPNAME:plb_v46 INSTANCE:dma3_bus -
   /opt/Xilinx/latest/ISE_DS/EDK/hw/XilinxProcessorIPLib/pcores/plb_v46_v1_05_a/
   data/plb_v46_v2_1_0.mpd line 73 - tool is overriding PARAMETER
   C_PLBV46_DWIDTH value to 32
INFO:EDK - IPNAME:plb_hthreads_timer INSTANCE:plb_hthreads_timer_3 -
   /home/eugene/hthreads/src/platforms/xilinx/pr_6smp/design/pcores/plb_hthreads
   _timer_v1_00_a/data/plb_hthreads_timer_v2_1_0.mpd line 28 - tool is
   overriding PARAMETER C_SPLB_DWIDTH value to 32
INFO:EDK - IPNAME:plb_hthreads_timer INSTANCE:plb_hthreads_timer_3 -
   /home/eugene/hthreads/src/platforms/xilinx/pr_6smp/design/pcores/plb_hthreads
   _timer_v1_00_a/data/plb_hthreads_timer_v2_1_0.mpd line 29 - tool is
   overriding PARAMETER C_SPLB_NUM_MASTERS value to 2
INFO:EDK - IPNAME:plb_hthreads_timer INSTANCE:plb_hthreads_timer_3 -
   /home/eugene/hthreads/src/platforms/xilinx/pr_6smp/design/pcores/plb_hthreads
   _timer_v1_00_a/data/plb_hthreads_timer_v2_1_0.mpd line 30 - tool is
   overriding PARAMETER C_SPLB_MID_WIDTH value to 1
INFO:EDK - IPNAME:xps_central_dma INSTANCE:xps_central_dma_3 -
   /opt/Xilinx/latest/ISE_DS/EDK/hw/XilinxProcessorIPLib/pcores/xps_central_dma_
   v2_03_a/data/xps_central_dma_v2_1_0.mpd line 72 - tool is overriding
   PARAMETER C_SPLB_NUM_MASTERS value to 2
INFO:EDK - IPNAME:plbv46_plbv46_bridge INSTANCE:dma3_dma_bridge -
   /opt/Xilinx/latest/ISE_DS/EDK/hw/XilinxProcessorIPLib/pcores/plbv46_plbv46_br
   idge_v1_03_a/data/plbv46_plbv46_bridge_v2_1_0.mpd line 78 - tool is
   overriding PARAMETER C_SPLB_NUM_MASTERS value to 2
INFO:EDK - IPNAME:plbv46_plbv46_bridge INSTANCE:dma3_dma_bridge -
   /opt/Xilinx/latest/ISE_DS/EDK/hw/XilinxProcessorIPLib/pcores/plbv46_plbv46_br
   idge_v1_03_a/data/plbv46_plbv46_bridge_v2_1_0.mpd line 84 - tool is
   overriding PARAMETER C_MPLB_DWIDTH value to 64
INFO:EDK - IPNAME:plbv46_plbv46_bridge INSTANCE:group3_dma3_bridge -
   /opt/Xilinx/latest/ISE_DS/EDK/hw/XilinxProcessorIPLib/pcores/plbv46_plbv46_br
   idge_v1_03_a/data/plbv46_plbv46_bridge_v2_1_0.mpd line 78 - tool is
   overriding PARAMETER C_SPLB_NUM_MASTERS value to 2
INFO:EDK - IPNAME:bram_block INSTANCE:bramA3 -
   /opt/Xilinx/latest/ISE_DS/EDK/hw/XilinxProcessorIPLib/pcores/bram_block_v1_00
   _a/data/bram_block_v2_1_0.mpd line 67 - tool is overriding PARAMETER
   C_MEMSIZE value to 0x4000
INFO:EDK - IPNAME:bram_block INSTANCE:bramB3 -
   /opt/Xilinx/latest/ISE_DS/EDK/hw/XilinxProcessorIPLib/pcores/bram_block_v1_00
   _a/data/bram_block_v2_1_0.mpd line 67 - tool is overriding PARAMETER
   C_MEMSIZE value to 0x4000
INFO:EDK - IPNAME:bram_block INSTANCE:bramC3 -
   /opt/Xilinx/latest/ISE_DS/EDK/hw/XilinxProcessorIPLib/pcores/bram_block_v1_00
   _a/data/bram_block_v2_1_0.mpd line 67 - tool is overriding PARAMETER
   C_MEMSIZE value to 0x4000
INFO:EDK - IPNAME:lmb_v10 INSTANCE:ilmb3 -
   /opt/Xilinx/latest/ISE_DS/EDK/hw/XilinxProcessorIPLib/pcores/lmb_v10_v1_00_a/
   data/lmb_v10_v2_1_0.mpd line 70 - tool is overriding PARAMETER
   C_LMB_NUM_SLAVES value to 1
INFO:EDK - IPNAME:lmb_v10 INSTANCE:dlmb3 -
   /opt/Xilinx/latest/ISE_DS/EDK/hw/XilinxProcessorIPLib/pcores/lmb_v10_v1_00_a/
   data/lmb_v10_v2_1_0.mpd line 70 - tool is overriding PARAMETER
   C_LMB_NUM_SLAVES value to 1
INFO:EDK - IPNAME:bram_block INSTANCE:lmb_bram3 -
   /opt/Xilinx/latest/ISE_DS/EDK/hw/XilinxProcessorIPLib/pcores/bram_block_v1_00
   _a/data/bram_block_v2_1_0.mpd line 67 - tool is overriding PARAMETER
   C_MEMSIZE value to 0x4000
INFO:EDK - IPNAME:plb_v46 INSTANCE:group4_bus -
   /opt/Xilinx/latest/ISE_DS/EDK/hw/XilinxProcessorIPLib/pcores/plb_v46_v1_05_a/
   data/plb_v46_v2_1_0.mpd line 69 - tool is overriding PARAMETER
   C_PLBV46_NUM_MASTERS value to 2
INFO:EDK - IPNAME:plb_v46 INSTANCE:group4_bus -
   /opt/Xilinx/latest/ISE_DS/EDK/hw/XilinxProcessorIPLib/pcores/plb_v46_v1_05_a/
   data/plb_v46_v2_1_0.mpd line 70 - tool is overriding PARAMETER
   C_PLBV46_NUM_SLAVES value to 5
INFO:EDK - IPNAME:plb_v46 INSTANCE:group4_bus -
   /opt/Xilinx/latest/ISE_DS/EDK/hw/XilinxProcessorIPLib/pcores/plb_v46_v1_05_a/
   data/plb_v46_v2_1_0.mpd line 71 - tool is overriding PARAMETER
   C_PLBV46_MID_WIDTH value to 1
INFO:EDK - IPNAME:plb_v46 INSTANCE:group4_bus -
   /opt/Xilinx/latest/ISE_DS/EDK/hw/XilinxProcessorIPLib/pcores/plb_v46_v1_05_a/
   data/plb_v46_v2_1_0.mpd line 73 - tool is overriding PARAMETER
   C_PLBV46_DWIDTH value to 32
INFO:EDK - IPNAME:plbv46_plbv46_bridge INSTANCE:group4_main_bridge -
   /opt/Xilinx/latest/ISE_DS/EDK/hw/XilinxProcessorIPLib/pcores/plbv46_plbv46_br
   idge_v1_03_a/data/plbv46_plbv46_bridge_v2_1_0.mpd line 78 - tool is
   overriding PARAMETER C_SPLB_NUM_MASTERS value to 2
INFO:EDK - IPNAME:plbv46_plbv46_bridge INSTANCE:group4_main_bridge -
   /opt/Xilinx/latest/ISE_DS/EDK/hw/XilinxProcessorIPLib/pcores/plbv46_plbv46_br
   idge_v1_03_a/data/plbv46_plbv46_bridge_v2_1_0.mpd line 84 - tool is
   overriding PARAMETER C_MPLB_DWIDTH value to 64
INFO:EDK - IPNAME:plb_v46 INSTANCE:dma4_bus -
   /opt/Xilinx/latest/ISE_DS/EDK/hw/XilinxProcessorIPLib/pcores/plb_v46_v1_05_a/
   data/plb_v46_v2_1_0.mpd line 69 - tool is overriding PARAMETER
   C_PLBV46_NUM_MASTERS value to 2
INFO:EDK - IPNAME:plb_v46 INSTANCE:dma4_bus -
   /opt/Xilinx/latest/ISE_DS/EDK/hw/XilinxProcessorIPLib/pcores/plb_v46_v1_05_a/
   data/plb_v46_v2_1_0.mpd line 70 - tool is overriding PARAMETER
   C_PLBV46_NUM_SLAVES value to 4
INFO:EDK - IPNAME:plb_v46 INSTANCE:dma4_bus -
   /opt/Xilinx/latest/ISE_DS/EDK/hw/XilinxProcessorIPLib/pcores/plb_v46_v1_05_a/
   data/plb_v46_v2_1_0.mpd line 71 - tool is overriding PARAMETER
   C_PLBV46_MID_WIDTH value to 1
INFO:EDK - IPNAME:plb_v46 INSTANCE:dma4_bus -
   /opt/Xilinx/latest/ISE_DS/EDK/hw/XilinxProcessorIPLib/pcores/plb_v46_v1_05_a/
   data/plb_v46_v2_1_0.mpd line 73 - tool is overriding PARAMETER
   C_PLBV46_DWIDTH value to 32
INFO:EDK - IPNAME:plb_hthreads_timer INSTANCE:plb_hthreads_timer_4 -
   /home/eugene/hthreads/src/platforms/xilinx/pr_6smp/design/pcores/plb_hthreads
   _timer_v1_00_a/data/plb_hthreads_timer_v2_1_0.mpd line 28 - tool is
   overriding PARAMETER C_SPLB_DWIDTH value to 32
INFO:EDK - IPNAME:plb_hthreads_timer INSTANCE:plb_hthreads_timer_4 -
   /home/eugene/hthreads/src/platforms/xilinx/pr_6smp/design/pcores/plb_hthreads
   _timer_v1_00_a/data/plb_hthreads_timer_v2_1_0.mpd line 29 - tool is
   overriding PARAMETER C_SPLB_NUM_MASTERS value to 2
INFO:EDK - IPNAME:plb_hthreads_timer INSTANCE:plb_hthreads_timer_4 -
   /home/eugene/hthreads/src/platforms/xilinx/pr_6smp/design/pcores/plb_hthreads
   _timer_v1_00_a/data/plb_hthreads_timer_v2_1_0.mpd line 30 - tool is
   overriding PARAMETER C_SPLB_MID_WIDTH value to 1
INFO:EDK - IPNAME:xps_central_dma INSTANCE:xps_central_dma_4 -
   /opt/Xilinx/latest/ISE_DS/EDK/hw/XilinxProcessorIPLib/pcores/xps_central_dma_
   v2_03_a/data/xps_central_dma_v2_1_0.mpd line 72 - tool is overriding
   PARAMETER C_SPLB_NUM_MASTERS value to 2
INFO:EDK - IPNAME:plbv46_plbv46_bridge INSTANCE:dma4_dma_bridge -
   /opt/Xilinx/latest/ISE_DS/EDK/hw/XilinxProcessorIPLib/pcores/plbv46_plbv46_br
   idge_v1_03_a/data/plbv46_plbv46_bridge_v2_1_0.mpd line 78 - tool is
   overriding PARAMETER C_SPLB_NUM_MASTERS value to 2
INFO:EDK - IPNAME:plbv46_plbv46_bridge INSTANCE:dma4_dma_bridge -
   /opt/Xilinx/latest/ISE_DS/EDK/hw/XilinxProcessorIPLib/pcores/plbv46_plbv46_br
   idge_v1_03_a/data/plbv46_plbv46_bridge_v2_1_0.mpd line 84 - tool is
   overriding PARAMETER C_MPLB_DWIDTH value to 64
INFO:EDK - IPNAME:plbv46_plbv46_bridge INSTANCE:group4_dma4_bridge -
   /opt/Xilinx/latest/ISE_DS/EDK/hw/XilinxProcessorIPLib/pcores/plbv46_plbv46_br
   idge_v1_03_a/data/plbv46_plbv46_bridge_v2_1_0.mpd line 78 - tool is
   overriding PARAMETER C_SPLB_NUM_MASTERS value to 2
INFO:EDK - IPNAME:bram_block INSTANCE:bramA4 -
   /opt/Xilinx/latest/ISE_DS/EDK/hw/XilinxProcessorIPLib/pcores/bram_block_v1_00
   _a/data/bram_block_v2_1_0.mpd line 67 - tool is overriding PARAMETER
   C_MEMSIZE value to 0x4000
INFO:EDK - IPNAME:bram_block INSTANCE:bramB4 -
   /opt/Xilinx/latest/ISE_DS/EDK/hw/XilinxProcessorIPLib/pcores/bram_block_v1_00
   _a/data/bram_block_v2_1_0.mpd line 67 - tool is overriding PARAMETER
   C_MEMSIZE value to 0x4000
INFO:EDK - IPNAME:bram_block INSTANCE:bramC4 -
   /opt/Xilinx/latest/ISE_DS/EDK/hw/XilinxProcessorIPLib/pcores/bram_block_v1_00
   _a/data/bram_block_v2_1_0.mpd line 67 - tool is overriding PARAMETER
   C_MEMSIZE value to 0x4000
INFO:EDK - IPNAME:lmb_v10 INSTANCE:ilmb4 -
   /opt/Xilinx/latest/ISE_DS/EDK/hw/XilinxProcessorIPLib/pcores/lmb_v10_v1_00_a/
   data/lmb_v10_v2_1_0.mpd line 70 - tool is overriding PARAMETER
   C_LMB_NUM_SLAVES value to 1
INFO:EDK - IPNAME:lmb_v10 INSTANCE:dlmb4 -
   /opt/Xilinx/latest/ISE_DS/EDK/hw/XilinxProcessorIPLib/pcores/lmb_v10_v1_00_a/
   data/lmb_v10_v2_1_0.mpd line 70 - tool is overriding PARAMETER
   C_LMB_NUM_SLAVES value to 1
INFO:EDK - IPNAME:bram_block INSTANCE:lmb_bram4 -
   /opt/Xilinx/latest/ISE_DS/EDK/hw/XilinxProcessorIPLib/pcores/bram_block_v1_00
   _a/data/bram_block_v2_1_0.mpd line 67 - tool is overriding PARAMETER
   C_MEMSIZE value to 0x4000
INFO:EDK - IPNAME:plb_v46 INSTANCE:group5_bus -
   /opt/Xilinx/latest/ISE_DS/EDK/hw/XilinxProcessorIPLib/pcores/plb_v46_v1_05_a/
   data/plb_v46_v2_1_0.mpd line 69 - tool is overriding PARAMETER
   C_PLBV46_NUM_MASTERS value to 2
INFO:EDK - IPNAME:plb_v46 INSTANCE:group5_bus -
   /opt/Xilinx/latest/ISE_DS/EDK/hw/XilinxProcessorIPLib/pcores/plb_v46_v1_05_a/
   data/plb_v46_v2_1_0.mpd line 70 - tool is overriding PARAMETER
   C_PLBV46_NUM_SLAVES value to 5
INFO:EDK - IPNAME:plb_v46 INSTANCE:group5_bus -
   /opt/Xilinx/latest/ISE_DS/EDK/hw/XilinxProcessorIPLib/pcores/plb_v46_v1_05_a/
   data/plb_v46_v2_1_0.mpd line 71 - tool is overriding PARAMETER
   C_PLBV46_MID_WIDTH value to 1
INFO:EDK - IPNAME:plb_v46 INSTANCE:group5_bus -
   /opt/Xilinx/latest/ISE_DS/EDK/hw/XilinxProcessorIPLib/pcores/plb_v46_v1_05_a/
   data/plb_v46_v2_1_0.mpd line 73 - tool is overriding PARAMETER
   C_PLBV46_DWIDTH value to 32
INFO:EDK - IPNAME:plbv46_plbv46_bridge INSTANCE:group5_main_bridge -
   /opt/Xilinx/latest/ISE_DS/EDK/hw/XilinxProcessorIPLib/pcores/plbv46_plbv46_br
   idge_v1_03_a/data/plbv46_plbv46_bridge_v2_1_0.mpd line 78 - tool is
   overriding PARAMETER C_SPLB_NUM_MASTERS value to 2
INFO:EDK - IPNAME:plbv46_plbv46_bridge INSTANCE:group5_main_bridge -
   /opt/Xilinx/latest/ISE_DS/EDK/hw/XilinxProcessorIPLib/pcores/plbv46_plbv46_br
   idge_v1_03_a/data/plbv46_plbv46_bridge_v2_1_0.mpd line 84 - tool is
   overriding PARAMETER C_MPLB_DWIDTH value to 64
INFO:EDK - IPNAME:plb_v46 INSTANCE:dma5_bus -
   /opt/Xilinx/latest/ISE_DS/EDK/hw/XilinxProcessorIPLib/pcores/plb_v46_v1_05_a/
   data/plb_v46_v2_1_0.mpd line 69 - tool is overriding PARAMETER
   C_PLBV46_NUM_MASTERS value to 2
INFO:EDK - IPNAME:plb_v46 INSTANCE:dma5_bus -
   /opt/Xilinx/latest/ISE_DS/EDK/hw/XilinxProcessorIPLib/pcores/plb_v46_v1_05_a/
   data/plb_v46_v2_1_0.mpd line 70 - tool is overriding PARAMETER
   C_PLBV46_NUM_SLAVES value to 4
INFO:EDK - IPNAME:plb_v46 INSTANCE:dma5_bus -
   /opt/Xilinx/latest/ISE_DS/EDK/hw/XilinxProcessorIPLib/pcores/plb_v46_v1_05_a/
   data/plb_v46_v2_1_0.mpd line 71 - tool is overriding PARAMETER
   C_PLBV46_MID_WIDTH value to 1
INFO:EDK - IPNAME:plb_v46 INSTANCE:dma5_bus -
   /opt/Xilinx/latest/ISE_DS/EDK/hw/XilinxProcessorIPLib/pcores/plb_v46_v1_05_a/
   data/plb_v46_v2_1_0.mpd line 73 - tool is overriding PARAMETER
   C_PLBV46_DWIDTH value to 32
INFO:EDK - IPNAME:plb_hthreads_timer INSTANCE:plb_hthreads_timer_5 -
   /home/eugene/hthreads/src/platforms/xilinx/pr_6smp/design/pcores/plb_hthreads
   _timer_v1_00_a/data/plb_hthreads_timer_v2_1_0.mpd line 28 - tool is
   overriding PARAMETER C_SPLB_DWIDTH value to 32
INFO:EDK - IPNAME:plb_hthreads_timer INSTANCE:plb_hthreads_timer_5 -
   /home/eugene/hthreads/src/platforms/xilinx/pr_6smp/design/pcores/plb_hthreads
   _timer_v1_00_a/data/plb_hthreads_timer_v2_1_0.mpd line 29 - tool is
   overriding PARAMETER C_SPLB_NUM_MASTERS value to 2
INFO:EDK - IPNAME:plb_hthreads_timer INSTANCE:plb_hthreads_timer_5 -
   /home/eugene/hthreads/src/platforms/xilinx/pr_6smp/design/pcores/plb_hthreads
   _timer_v1_00_a/data/plb_hthreads_timer_v2_1_0.mpd line 30 - tool is
   overriding PARAMETER C_SPLB_MID_WIDTH value to 1
INFO:EDK - IPNAME:xps_central_dma INSTANCE:xps_central_dma_5 -
   /opt/Xilinx/latest/ISE_DS/EDK/hw/XilinxProcessorIPLib/pcores/xps_central_dma_
   v2_03_a/data/xps_central_dma_v2_1_0.mpd line 72 - tool is overriding
   PARAMETER C_SPLB_NUM_MASTERS value to 2
INFO:EDK - IPNAME:plbv46_plbv46_bridge INSTANCE:dma5_dma_bridge -
   /opt/Xilinx/latest/ISE_DS/EDK/hw/XilinxProcessorIPLib/pcores/plbv46_plbv46_br
   idge_v1_03_a/data/plbv46_plbv46_bridge_v2_1_0.mpd line 78 - tool is
   overriding PARAMETER C_SPLB_NUM_MASTERS value to 2
INFO:EDK - IPNAME:plbv46_plbv46_bridge INSTANCE:dma5_dma_bridge -
   /opt/Xilinx/latest/ISE_DS/EDK/hw/XilinxProcessorIPLib/pcores/plbv46_plbv46_br
   idge_v1_03_a/data/plbv46_plbv46_bridge_v2_1_0.mpd line 84 - tool is
   overriding PARAMETER C_MPLB_DWIDTH value to 64
INFO:EDK - IPNAME:plbv46_plbv46_bridge INSTANCE:group5_dma5_bridge -
   /opt/Xilinx/latest/ISE_DS/EDK/hw/XilinxProcessorIPLib/pcores/plbv46_plbv46_br
   idge_v1_03_a/data/plbv46_plbv46_bridge_v2_1_0.mpd line 78 - tool is
   overriding PARAMETER C_SPLB_NUM_MASTERS value to 2
INFO:EDK - IPNAME:bram_block INSTANCE:bramA5 -
   /opt/Xilinx/latest/ISE_DS/EDK/hw/XilinxProcessorIPLib/pcores/bram_block_v1_00
   _a/data/bram_block_v2_1_0.mpd line 67 - tool is overriding PARAMETER
   C_MEMSIZE value to 0x4000
INFO:EDK - IPNAME:bram_block INSTANCE:bramB5 -
   /opt/Xilinx/latest/ISE_DS/EDK/hw/XilinxProcessorIPLib/pcores/bram_block_v1_00
   _a/data/bram_block_v2_1_0.mpd line 67 - tool is overriding PARAMETER
   C_MEMSIZE value to 0x4000
INFO:EDK - IPNAME:bram_block INSTANCE:bramC5 -
   /opt/Xilinx/latest/ISE_DS/EDK/hw/XilinxProcessorIPLib/pcores/bram_block_v1_00
   _a/data/bram_block_v2_1_0.mpd line 67 - tool is overriding PARAMETER
   C_MEMSIZE value to 0x4000
INFO:EDK - IPNAME:lmb_v10 INSTANCE:ilmb5 -
   /opt/Xilinx/latest/ISE_DS/EDK/hw/XilinxProcessorIPLib/pcores/lmb_v10_v1_00_a/
   data/lmb_v10_v2_1_0.mpd line 70 - tool is overriding PARAMETER
   C_LMB_NUM_SLAVES value to 1
INFO:EDK - IPNAME:lmb_v10 INSTANCE:dlmb5 -
   /opt/Xilinx/latest/ISE_DS/EDK/hw/XilinxProcessorIPLib/pcores/lmb_v10_v1_00_a/
   data/lmb_v10_v2_1_0.mpd line 70 - tool is overriding PARAMETER
   C_LMB_NUM_SLAVES value to 1
INFO:EDK - IPNAME:bram_block INSTANCE:lmb_bram5 -
   /opt/Xilinx/latest/ISE_DS/EDK/hw/XilinxProcessorIPLib/pcores/bram_block_v1_00
   _a/data/bram_block_v2_1_0.mpd line 67 - tool is overriding PARAMETER
   C_MEMSIZE value to 0x4000
INFO:EDK - IPNAME:plb_v46 INSTANCE:group6_bus -
   /opt/Xilinx/latest/ISE_DS/EDK/hw/XilinxProcessorIPLib/pcores/plb_v46_v1_05_a/
   data/plb_v46_v2_1_0.mpd line 69 - tool is overriding PARAMETER
   C_PLBV46_NUM_MASTERS value to 2
INFO:EDK - IPNAME:plb_v46 INSTANCE:group6_bus -
   /opt/Xilinx/latest/ISE_DS/EDK/hw/XilinxProcessorIPLib/pcores/plb_v46_v1_05_a/
   data/plb_v46_v2_1_0.mpd line 70 - tool is overriding PARAMETER
   C_PLBV46_NUM_SLAVES value to 5
INFO:EDK - IPNAME:plb_v46 INSTANCE:group6_bus -
   /opt/Xilinx/latest/ISE_DS/EDK/hw/XilinxProcessorIPLib/pcores/plb_v46_v1_05_a/
   data/plb_v46_v2_1_0.mpd line 71 - tool is overriding PARAMETER
   C_PLBV46_MID_WIDTH value to 1
INFO:EDK - IPNAME:plb_v46 INSTANCE:group6_bus -
   /opt/Xilinx/latest/ISE_DS/EDK/hw/XilinxProcessorIPLib/pcores/plb_v46_v1_05_a/
   data/plb_v46_v2_1_0.mpd line 73 - tool is overriding PARAMETER
   C_PLBV46_DWIDTH value to 32
INFO:EDK - IPNAME:plbv46_plbv46_bridge INSTANCE:group6_main_bridge -
   /opt/Xilinx/latest/ISE_DS/EDK/hw/XilinxProcessorIPLib/pcores/plbv46_plbv46_br
   idge_v1_03_a/data/plbv46_plbv46_bridge_v2_1_0.mpd line 78 - tool is
   overriding PARAMETER C_SPLB_NUM_MASTERS value to 2
INFO:EDK - IPNAME:plbv46_plbv46_bridge INSTANCE:group6_main_bridge -
   /opt/Xilinx/latest/ISE_DS/EDK/hw/XilinxProcessorIPLib/pcores/plbv46_plbv46_br
   idge_v1_03_a/data/plbv46_plbv46_bridge_v2_1_0.mpd line 84 - tool is
   overriding PARAMETER C_MPLB_DWIDTH value to 64
INFO:EDK - IPNAME:plb_v46 INSTANCE:dma6_bus -
   /opt/Xilinx/latest/ISE_DS/EDK/hw/XilinxProcessorIPLib/pcores/plb_v46_v1_05_a/
   data/plb_v46_v2_1_0.mpd line 69 - tool is overriding PARAMETER
   C_PLBV46_NUM_MASTERS value to 2
INFO:EDK - IPNAME:plb_v46 INSTANCE:dma6_bus -
   /opt/Xilinx/latest/ISE_DS/EDK/hw/XilinxProcessorIPLib/pcores/plb_v46_v1_05_a/
   data/plb_v46_v2_1_0.mpd line 70 - tool is overriding PARAMETER
   C_PLBV46_NUM_SLAVES value to 4
INFO:EDK - IPNAME:plb_v46 INSTANCE:dma6_bus -
   /opt/Xilinx/latest/ISE_DS/EDK/hw/XilinxProcessorIPLib/pcores/plb_v46_v1_05_a/
   data/plb_v46_v2_1_0.mpd line 71 - tool is overriding PARAMETER
   C_PLBV46_MID_WIDTH value to 1
INFO:EDK - IPNAME:plb_v46 INSTANCE:dma6_bus -
   /opt/Xilinx/latest/ISE_DS/EDK/hw/XilinxProcessorIPLib/pcores/plb_v46_v1_05_a/
   data/plb_v46_v2_1_0.mpd line 73 - tool is overriding PARAMETER
   C_PLBV46_DWIDTH value to 32
INFO:EDK - IPNAME:plb_hthreads_timer INSTANCE:plb_hthreads_timer_6 -
   /home/eugene/hthreads/src/platforms/xilinx/pr_6smp/design/pcores/plb_hthreads
   _timer_v1_00_a/data/plb_hthreads_timer_v2_1_0.mpd line 28 - tool is
   overriding PARAMETER C_SPLB_DWIDTH value to 32
INFO:EDK - IPNAME:plb_hthreads_timer INSTANCE:plb_hthreads_timer_6 -
   /home/eugene/hthreads/src/platforms/xilinx/pr_6smp/design/pcores/plb_hthreads
   _timer_v1_00_a/data/plb_hthreads_timer_v2_1_0.mpd line 29 - tool is
   overriding PARAMETER C_SPLB_NUM_MASTERS value to 2
INFO:EDK - IPNAME:plb_hthreads_timer INSTANCE:plb_hthreads_timer_6 -
   /home/eugene/hthreads/src/platforms/xilinx/pr_6smp/design/pcores/plb_hthreads
   _timer_v1_00_a/data/plb_hthreads_timer_v2_1_0.mpd line 30 - tool is
   overriding PARAMETER C_SPLB_MID_WIDTH value to 1
INFO:EDK - IPNAME:xps_central_dma INSTANCE:xps_central_dma_6 -
   /opt/Xilinx/latest/ISE_DS/EDK/hw/XilinxProcessorIPLib/pcores/xps_central_dma_
   v2_03_a/data/xps_central_dma_v2_1_0.mpd line 72 - tool is overriding
   PARAMETER C_SPLB_NUM_MASTERS value to 2
INFO:EDK - IPNAME:plbv46_plbv46_bridge INSTANCE:dma6_dma_bridge -
   /opt/Xilinx/latest/ISE_DS/EDK/hw/XilinxProcessorIPLib/pcores/plbv46_plbv46_br
   idge_v1_03_a/data/plbv46_plbv46_bridge_v2_1_0.mpd line 78 - tool is
   overriding PARAMETER C_SPLB_NUM_MASTERS value to 2
INFO:EDK - IPNAME:plbv46_plbv46_bridge INSTANCE:dma6_dma_bridge -
   /opt/Xilinx/latest/ISE_DS/EDK/hw/XilinxProcessorIPLib/pcores/plbv46_plbv46_br
   idge_v1_03_a/data/plbv46_plbv46_bridge_v2_1_0.mpd line 84 - tool is
   overriding PARAMETER C_MPLB_DWIDTH value to 64
INFO:EDK - IPNAME:plbv46_plbv46_bridge INSTANCE:group6_dma6_bridge -
   /opt/Xilinx/latest/ISE_DS/EDK/hw/XilinxProcessorIPLib/pcores/plbv46_plbv46_br
   idge_v1_03_a/data/plbv46_plbv46_bridge_v2_1_0.mpd line 78 - tool is
   overriding PARAMETER C_SPLB_NUM_MASTERS value to 2
INFO:EDK - IPNAME:bram_block INSTANCE:bramA6 -
   /opt/Xilinx/latest/ISE_DS/EDK/hw/XilinxProcessorIPLib/pcores/bram_block_v1_00
   _a/data/bram_block_v2_1_0.mpd line 67 - tool is overriding PARAMETER
   C_MEMSIZE value to 0x4000
INFO:EDK - IPNAME:bram_block INSTANCE:bramB6 -
   /opt/Xilinx/latest/ISE_DS/EDK/hw/XilinxProcessorIPLib/pcores/bram_block_v1_00
   _a/data/bram_block_v2_1_0.mpd line 67 - tool is overriding PARAMETER
   C_MEMSIZE value to 0x4000
INFO:EDK - IPNAME:bram_block INSTANCE:bramC6 -
   /opt/Xilinx/latest/ISE_DS/EDK/hw/XilinxProcessorIPLib/pcores/bram_block_v1_00
   _a/data/bram_block_v2_1_0.mpd line 67 - tool is overriding PARAMETER
   C_MEMSIZE value to 0x4000
INFO:EDK - IPNAME:lmb_v10 INSTANCE:ilmb6 -
   /opt/Xilinx/latest/ISE_DS/EDK/hw/XilinxProcessorIPLib/pcores/lmb_v10_v1_00_a/
   data/lmb_v10_v2_1_0.mpd line 70 - tool is overriding PARAMETER
   C_LMB_NUM_SLAVES value to 1
INFO:EDK - IPNAME:lmb_v10 INSTANCE:dlmb6 -
   /opt/Xilinx/latest/ISE_DS/EDK/hw/XilinxProcessorIPLib/pcores/lmb_v10_v1_00_a/
   data/lmb_v10_v2_1_0.mpd line 70 - tool is overriding PARAMETER
   C_LMB_NUM_SLAVES value to 1
INFO:EDK - IPNAME:bram_block INSTANCE:lmb_bram6 -
   /opt/Xilinx/latest/ISE_DS/EDK/hw/XilinxProcessorIPLib/pcores/bram_block_v1_00
   _a/data/bram_block_v2_1_0.mpd line 67 - tool is overriding PARAMETER
   C_MEMSIZE value to 0x4000
INFO:EDK - IPNAME:plb_v46 INSTANCE:vhwti_bus1 -
   /opt/Xilinx/latest/ISE_DS/EDK/hw/XilinxProcessorIPLib/pcores/plb_v46_v1_05_a/
   data/plb_v46_v2_1_0.mpd line 69 - tool is overriding PARAMETER
   C_PLBV46_NUM_MASTERS value to 1
INFO:EDK - IPNAME:plb_v46 INSTANCE:vhwti_bus1 -
   /opt/Xilinx/latest/ISE_DS/EDK/hw/XilinxProcessorIPLib/pcores/plb_v46_v1_05_a/
   data/plb_v46_v2_1_0.mpd line 70 - tool is overriding PARAMETER
   C_PLBV46_NUM_SLAVES value to 6
INFO:EDK - IPNAME:plb_v46 INSTANCE:vhwti_bus1 -
   /opt/Xilinx/latest/ISE_DS/EDK/hw/XilinxProcessorIPLib/pcores/plb_v46_v1_05_a/
   data/plb_v46_v2_1_0.mpd line 71 - tool is overriding PARAMETER
   C_PLBV46_MID_WIDTH value to 1
INFO:EDK - IPNAME:plb_v46 INSTANCE:vhwti_bus1 -
   /opt/Xilinx/latest/ISE_DS/EDK/hw/XilinxProcessorIPLib/pcores/plb_v46_v1_05_a/
   data/plb_v46_v2_1_0.mpd line 73 - tool is overriding PARAMETER
   C_PLBV46_DWIDTH value to 32
INFO:EDK - IPNAME:plbv46_plbv46_bridge INSTANCE:main_vhwti_bridge1 -
   /opt/Xilinx/latest/ISE_DS/EDK/hw/XilinxProcessorIPLib/pcores/plbv46_plbv46_br
   idge_v1_03_a/data/plbv46_plbv46_bridge_v2_1_0.mpd line 77 - tool is
   overriding PARAMETER C_SPLB_MID_WIDTH value to 4
INFO:EDK - IPNAME:plbv46_plbv46_bridge INSTANCE:main_vhwti_bridge1 -
   /opt/Xilinx/latest/ISE_DS/EDK/hw/XilinxProcessorIPLib/pcores/plbv46_plbv46_br
   idge_v1_03_a/data/plbv46_plbv46_bridge_v2_1_0.mpd line 78 - tool is
   overriding PARAMETER C_SPLB_NUM_MASTERS value to 10
INFO:EDK - IPNAME:plbv46_plbv46_bridge INSTANCE:main_vhwti_bridge1 -
   /opt/Xilinx/latest/ISE_DS/EDK/hw/XilinxProcessorIPLib/pcores/plbv46_plbv46_br
   idge_v1_03_a/data/plbv46_plbv46_bridge_v2_1_0.mpd line 82 - tool is
   overriding PARAMETER C_SPLB_DWIDTH value to 64
INFO:EDK - IPNAME:xps_bram_if_cntlr INSTANCE:vhwti_global_cntlr1 -
   /opt/Xilinx/latest/ISE_DS/EDK/hw/XilinxProcessorIPLib/pcores/xps_bram_if_cntl
   r_v1_00_b/data/xps_bram_if_cntlr_v2_1_0.mpd line 74 - tool is overriding
   PARAMETER C_SPLB_NUM_MASTERS value to 1
INFO:EDK - IPNAME:bram_block INSTANCE:vhwti_bram1 -
   /opt/Xilinx/latest/ISE_DS/EDK/hw/XilinxProcessorIPLib/pcores/bram_block_v1_00
   _a/data/bram_block_v2_1_0.mpd line 67 - tool is overriding PARAMETER
   C_MEMSIZE value to 0x1000
INFO:EDK - IPNAME:xps_bram_if_cntlr INSTANCE:vhwti_global_cntlr2 -
   /opt/Xilinx/latest/ISE_DS/EDK/hw/XilinxProcessorIPLib/pcores/xps_bram_if_cntl
   r_v1_00_b/data/xps_bram_if_cntlr_v2_1_0.mpd line 74 - tool is overriding
   PARAMETER C_SPLB_NUM_MASTERS value to 1
INFO:EDK - IPNAME:bram_block INSTANCE:vhwti_bram2 -
   /opt/Xilinx/latest/ISE_DS/EDK/hw/XilinxProcessorIPLib/pcores/bram_block_v1_00
   _a/data/bram_block_v2_1_0.mpd line 67 - tool is overriding PARAMETER
   C_MEMSIZE value to 0x1000
INFO:EDK - IPNAME:xps_bram_if_cntlr INSTANCE:vhwti_global_cntlr3 -
   /opt/Xilinx/latest/ISE_DS/EDK/hw/XilinxProcessorIPLib/pcores/xps_bram_if_cntl
   r_v1_00_b/data/xps_bram_if_cntlr_v2_1_0.mpd line 74 - tool is overriding
   PARAMETER C_SPLB_NUM_MASTERS value to 1
INFO:EDK - IPNAME:bram_block INSTANCE:vhwti_bram3 -
   /opt/Xilinx/latest/ISE_DS/EDK/hw/XilinxProcessorIPLib/pcores/bram_block_v1_00
   _a/data/bram_block_v2_1_0.mpd line 67 - tool is overriding PARAMETER
   C_MEMSIZE value to 0x1000
INFO:EDK - IPNAME:xps_bram_if_cntlr INSTANCE:vhwti_global_cntlr4 -
   /opt/Xilinx/latest/ISE_DS/EDK/hw/XilinxProcessorIPLib/pcores/xps_bram_if_cntl
   r_v1_00_b/data/xps_bram_if_cntlr_v2_1_0.mpd line 74 - tool is overriding
   PARAMETER C_SPLB_NUM_MASTERS value to 1
INFO:EDK - IPNAME:bram_block INSTANCE:vhwti_bram4 -
   /opt/Xilinx/latest/ISE_DS/EDK/hw/XilinxProcessorIPLib/pcores/bram_block_v1_00
   _a/data/bram_block_v2_1_0.mpd line 67 - tool is overriding PARAMETER
   C_MEMSIZE value to 0x1000
INFO:EDK - IPNAME:xps_bram_if_cntlr INSTANCE:vhwti_global_cntlr5 -
   /opt/Xilinx/latest/ISE_DS/EDK/hw/XilinxProcessorIPLib/pcores/xps_bram_if_cntl
   r_v1_00_b/data/xps_bram_if_cntlr_v2_1_0.mpd line 74 - tool is overriding
   PARAMETER C_SPLB_NUM_MASTERS value to 1
INFO:EDK - IPNAME:bram_block INSTANCE:vhwti_bram5 -
   /opt/Xilinx/latest/ISE_DS/EDK/hw/XilinxProcessorIPLib/pcores/bram_block_v1_00
   _a/data/bram_block_v2_1_0.mpd line 67 - tool is overriding PARAMETER
   C_MEMSIZE value to 0x1000
INFO:EDK - IPNAME:xps_bram_if_cntlr INSTANCE:vhwti_global_cntlr6 -
   /opt/Xilinx/latest/ISE_DS/EDK/hw/XilinxProcessorIPLib/pcores/xps_bram_if_cntl
   r_v1_00_b/data/xps_bram_if_cntlr_v2_1_0.mpd line 74 - tool is overriding
   PARAMETER C_SPLB_NUM_MASTERS value to 1
INFO:EDK - IPNAME:bram_block INSTANCE:vhwti_bram6 -
   /opt/Xilinx/latest/ISE_DS/EDK/hw/XilinxProcessorIPLib/pcores/bram_block_v1_00
   _a/data/bram_block_v2_1_0.mpd line 67 - tool is overriding PARAMETER
   C_MEMSIZE value to 0x1000
INFO:EDK - IPNAME:plb_hthreads_timer INSTANCE:plb_hthreads_timer_0 -
   /home/eugene/hthreads/src/platforms/xilinx/pr_6smp/design/pcores/plb_hthreads
   _timer_v1_00_a/data/plb_hthreads_timer_v2_1_0.mpd line 28 - tool is
   overriding PARAMETER C_SPLB_DWIDTH value to 64
INFO:EDK - IPNAME:plb_hthreads_timer INSTANCE:plb_hthreads_timer_0 -
   /home/eugene/hthreads/src/platforms/xilinx/pr_6smp/design/pcores/plb_hthreads
   _timer_v1_00_a/data/plb_hthreads_timer_v2_1_0.mpd line 29 - tool is
   overriding PARAMETER C_SPLB_NUM_MASTERS value to 10
INFO:EDK - IPNAME:plb_hthreads_timer INSTANCE:plb_hthreads_timer_0 -
   /home/eugene/hthreads/src/platforms/xilinx/pr_6smp/design/pcores/plb_hthreads
   _timer_v1_00_a/data/plb_hthreads_timer_v2_1_0.mpd line 30 - tool is
   overriding PARAMETER C_SPLB_MID_WIDTH value to 4
INFO:EDK - IPNAME:xps_timer INSTANCE:xps_timer_0 -
   /opt/Xilinx/latest/ISE_DS/EDK/hw/XilinxProcessorIPLib/pcores/xps_timer_v1_02_
   a/data/xps_timer_v2_1_0.mpd line 75 - tool is overriding PARAMETER
   C_SPLB_DWIDTH value to 64
INFO:EDK - IPNAME:xps_timer INSTANCE:xps_timer_0 -
   /opt/Xilinx/latest/ISE_DS/EDK/hw/XilinxProcessorIPLib/pcores/xps_timer_v1_02_
   a/data/xps_timer_v2_1_0.mpd line 77 - tool is overriding PARAMETER
   C_SPLB_MID_WIDTH value to 4
INFO:EDK - IPNAME:xps_timer INSTANCE:xps_timer_0 -
   /opt/Xilinx/latest/ISE_DS/EDK/hw/XilinxProcessorIPLib/pcores/xps_timer_v1_02_
   a/data/xps_timer_v2_1_0.mpd line 78 - tool is overriding PARAMETER
   C_SPLB_NUM_MASTERS value to 10
INFO:EDK - IPNAME:mdm INSTANCE:mdm_0 -
   /opt/Xilinx/latest/ISE_DS/EDK/hw/XilinxProcessorIPLib/pcores/mdm_v2_00_a/data
   /mdm_v2_1_0.mpd line 82 - tool is overriding PARAMETER C_SPLB_DWIDTH value to
   64
INFO:EDK - IPNAME:mdm INSTANCE:mdm_0 -
   /opt/Xilinx/latest/ISE_DS/EDK/hw/XilinxProcessorIPLib/pcores/mdm_v2_00_a/data
   /mdm_v2_1_0.mpd line 84 - tool is overriding PARAMETER C_SPLB_MID_WIDTH value
   to 4
INFO:EDK - IPNAME:mdm INSTANCE:mdm_0 -
   /opt/Xilinx/latest/ISE_DS/EDK/hw/XilinxProcessorIPLib/pcores/mdm_v2_00_a/data
   /mdm_v2_1_0.mpd line 85 - tool is overriding PARAMETER C_SPLB_NUM_MASTERS
   value to 10
INFO:EDK - IPNAME:mpmc INSTANCE:mpmc_0 -
   /opt/Xilinx/latest/ISE_DS/EDK/hw/XilinxProcessorIPLib/pcores/mpmc_v6_02_a/dat
   a/mpmc_v2_1_0.mpd line 661 - tool is overriding PARAMETER C_SPLB6_NUM_MASTERS
   value to 10
INFO:EDK - IPNAME:mpmc INSTANCE:mpmc_0 -
   /opt/Xilinx/latest/ISE_DS/EDK/hw/XilinxProcessorIPLib/pcores/mpmc_v6_02_a/dat
   a/mpmc_v2_1_0.mpd line 662 - tool is overriding PARAMETER C_SPLB6_MID_WIDTH
   value to 4
INFO:EDK - IPNAME:mpmc INSTANCE:mpmc_0 -
   /opt/Xilinx/latest/ISE_DS/EDK/hw/XilinxProcessorIPLib/pcores/mpmc_v6_02_a/dat
   a/mpmc_v2_1_0.mpd line 712 - tool is overriding PARAMETER C_SPLB7_NUM_MASTERS
   value to 8
INFO:EDK - IPNAME:mpmc INSTANCE:mpmc_0 -
   /opt/Xilinx/latest/ISE_DS/EDK/hw/XilinxProcessorIPLib/pcores/mpmc_v6_02_a/dat
   a/mpmc_v2_1_0.mpd line 713 - tool is overriding PARAMETER C_SPLB7_MID_WIDTH
   value to 3
INFO:EDK - IPNAME:xps_uartlite INSTANCE:RS232_Uart_1 -
   /opt/Xilinx/latest/ISE_DS/EDK/hw/XilinxProcessorIPLib/pcores/xps_uartlite_v1_
   01_a/data/xps_uartlite_v2_1_0.mpd line 71 - tool is overriding PARAMETER
   C_SPLB_DWIDTH value to 64
INFO:EDK - IPNAME:xps_uartlite INSTANCE:RS232_Uart_1 -
   /opt/Xilinx/latest/ISE_DS/EDK/hw/XilinxProcessorIPLib/pcores/xps_uartlite_v1_
   01_a/data/xps_uartlite_v2_1_0.mpd line 73 - tool is overriding PARAMETER
   C_SPLB_MID_WIDTH value to 4
INFO:EDK - IPNAME:xps_uartlite INSTANCE:RS232_Uart_1 -
   /opt/Xilinx/latest/ISE_DS/EDK/hw/XilinxProcessorIPLib/pcores/xps_uartlite_v1_
   01_a/data/xps_uartlite_v2_1_0.mpd line 74 - tool is overriding PARAMETER
   C_SPLB_NUM_MASTERS value to 10
INFO:EDK - IPNAME:xps_sysace INSTANCE:SysACE_CompactFlash -
   /opt/Xilinx/latest/ISE_DS/EDK/hw/XilinxProcessorIPLib/pcores/xps_sysace_v1_01
   _a/data/xps_sysace_v2_1_0.mpd line 70 - tool is overriding PARAMETER
   C_SPLB_DWIDTH value to 64
INFO:EDK - IPNAME:xps_sysace INSTANCE:SysACE_CompactFlash -
   /opt/Xilinx/latest/ISE_DS/EDK/hw/XilinxProcessorIPLib/pcores/xps_sysace_v1_01
   _a/data/xps_sysace_v2_1_0.mpd line 72 - tool is overriding PARAMETER
   C_SPLB_MID_WIDTH value to 4
INFO:EDK - IPNAME:xps_sysace INSTANCE:SysACE_CompactFlash -
   /opt/Xilinx/latest/ISE_DS/EDK/hw/XilinxProcessorIPLib/pcores/xps_sysace_v1_01
   _a/data/xps_sysace_v2_1_0.mpd line 73 - tool is overriding PARAMETER
   C_SPLB_NUM_MASTERS value to 10
INFO:EDK - IPNAME:plb_v46 INSTANCE:dma_bus -
   /opt/Xilinx/latest/ISE_DS/EDK/hw/XilinxProcessorIPLib/pcores/plb_v46_v1_05_a/
   data/plb_v46_v2_1_0.mpd line 69 - tool is overriding PARAMETER
   C_PLBV46_NUM_MASTERS value to 8
INFO:EDK - IPNAME:plb_v46 INSTANCE:dma_bus -
   /opt/Xilinx/latest/ISE_DS/EDK/hw/XilinxProcessorIPLib/pcores/plb_v46_v1_05_a/
   data/plb_v46_v2_1_0.mpd line 70 - tool is overriding PARAMETER
   C_PLBV46_NUM_SLAVES value to 3
INFO:EDK - IPNAME:plb_v46 INSTANCE:dma_bus -
   /opt/Xilinx/latest/ISE_DS/EDK/hw/XilinxProcessorIPLib/pcores/plb_v46_v1_05_a/
   data/plb_v46_v2_1_0.mpd line 71 - tool is overriding PARAMETER
   C_PLBV46_MID_WIDTH value to 3
INFO:EDK - IPNAME:plbv46_plbv46_bridge INSTANCE:main_dma_bridge -
   /opt/Xilinx/latest/ISE_DS/EDK/hw/XilinxProcessorIPLib/pcores/plbv46_plbv46_br
   idge_v1_03_a/data/plbv46_plbv46_bridge_v2_1_0.mpd line 77 - tool is
   overriding PARAMETER C_SPLB_MID_WIDTH value to 4
INFO:EDK - IPNAME:plbv46_plbv46_bridge INSTANCE:main_dma_bridge -
   /opt/Xilinx/latest/ISE_DS/EDK/hw/XilinxProcessorIPLib/pcores/plbv46_plbv46_br
   idge_v1_03_a/data/plbv46_plbv46_bridge_v2_1_0.mpd line 78 - tool is
   overriding PARAMETER C_SPLB_NUM_MASTERS value to 10
INFO:EDK - IPNAME:plbv46_plbv46_bridge INSTANCE:main_dma_bridge -
   /opt/Xilinx/latest/ISE_DS/EDK/hw/XilinxProcessorIPLib/pcores/plbv46_plbv46_br
   idge_v1_03_a/data/plbv46_plbv46_bridge_v2_1_0.mpd line 82 - tool is
   overriding PARAMETER C_SPLB_DWIDTH value to 64
INFO:EDK - IPNAME:plbv46_plbv46_bridge INSTANCE:main_dma_bridge -
   /opt/Xilinx/latest/ISE_DS/EDK/hw/XilinxProcessorIPLib/pcores/plbv46_plbv46_br
   idge_v1_03_a/data/plbv46_plbv46_bridge_v2_1_0.mpd line 84 - tool is
   overriding PARAMETER C_MPLB_DWIDTH value to 64
INFO:EDK - IPNAME:plbv46_plbv46_bridge INSTANCE:dma_main_bridge -
   /opt/Xilinx/latest/ISE_DS/EDK/hw/XilinxProcessorIPLib/pcores/plbv46_plbv46_br
   idge_v1_03_a/data/plbv46_plbv46_bridge_v2_1_0.mpd line 77 - tool is
   overriding PARAMETER C_SPLB_MID_WIDTH value to 3
INFO:EDK - IPNAME:plbv46_plbv46_bridge INSTANCE:dma_main_bridge -
   /opt/Xilinx/latest/ISE_DS/EDK/hw/XilinxProcessorIPLib/pcores/plbv46_plbv46_br
   idge_v1_03_a/data/plbv46_plbv46_bridge_v2_1_0.mpd line 78 - tool is
   overriding PARAMETER C_SPLB_NUM_MASTERS value to 8
INFO:EDK - IPNAME:plbv46_plbv46_bridge INSTANCE:dma_main_bridge -
   /opt/Xilinx/latest/ISE_DS/EDK/hw/XilinxProcessorIPLib/pcores/plbv46_plbv46_br
   idge_v1_03_a/data/plbv46_plbv46_bridge_v2_1_0.mpd line 82 - tool is
   overriding PARAMETER C_SPLB_DWIDTH value to 64
INFO:EDK - IPNAME:plbv46_plbv46_bridge INSTANCE:dma_main_bridge -
   /opt/Xilinx/latest/ISE_DS/EDK/hw/XilinxProcessorIPLib/pcores/plbv46_plbv46_br
   idge_v1_03_a/data/plbv46_plbv46_bridge_v2_1_0.mpd line 84 - tool is
   overriding PARAMETER C_MPLB_DWIDTH value to 64
INFO:EDK - IPNAME:xps_central_dma INSTANCE:xps_central_dma_0 -
   /opt/Xilinx/latest/ISE_DS/EDK/hw/XilinxProcessorIPLib/pcores/xps_central_dma_
   v2_03_a/data/xps_central_dma_v2_1_0.mpd line 70 - tool is overriding
   PARAMETER C_SPLB_DWIDTH value to 64
INFO:EDK - IPNAME:xps_central_dma INSTANCE:xps_central_dma_0 -
   /opt/Xilinx/latest/ISE_DS/EDK/hw/XilinxProcessorIPLib/pcores/xps_central_dma_
   v2_03_a/data/xps_central_dma_v2_1_0.mpd line 72 - tool is overriding
   PARAMETER C_SPLB_NUM_MASTERS value to 10
INFO:EDK - IPNAME:xps_central_dma INSTANCE:xps_central_dma_0 -
   /opt/Xilinx/latest/ISE_DS/EDK/hw/XilinxProcessorIPLib/pcores/xps_central_dma_
   v2_03_a/data/xps_central_dma_v2_1_0.mpd line 73 - tool is overriding
   PARAMETER C_SPLB_MID_WIDTH value to 4
INFO:EDK - IPNAME:xps_central_dma INSTANCE:xps_central_dma_0 -
   /opt/Xilinx/latest/ISE_DS/EDK/hw/XilinxProcessorIPLib/pcores/xps_central_dma_
   v2_03_a/data/xps_central_dma_v2_1_0.mpd line 79 - tool is overriding
   PARAMETER C_MPLB_DWIDTH value to 64
INFO:EDK - IPNAME:xps_hwicap INSTANCE:xps_hwicap_0 -
   /opt/Xilinx/latest/ISE_DS/EDK/hw/XilinxProcessorIPLib/pcores/xps_hwicap_v5_00
   _a/data/xps_hwicap_v2_1_0.mpd line 66 - tool is overriding PARAMETER
   C_SPLB_DWIDTH value to 64

Checking platform address map ...

Initializing Memory...
Running Data2Mem with the following command:
data2mem -bm implementation/system_bd -p xc6vlx240tff1156-1 -bt
implementation/system.bit  -bd CoreTest/executable.elf tag microblaze0  -bd
MB_HWT0/executable.elf tag microblaze1  -bd MB_HWT1/executable.elf tag
microblaze2  -bd MB_HWT2/executable.elf tag microblaze3  -bd
MB_HWT3/executable.elf tag microblaze4  -bd MB_HWT4/executable.elf tag
microblaze5  -bd MB_HWT5/executable.elf tag microblaze6  -o b
implementation/download.bit 
Memory Initialization completed successfully.

