/home/jagron/uark_research/uark_ht_trunk/src/platforms/xilinx/ml507_icache_shared_data/design/implementation/system.ngc 1240953957
/home/jagron/uark_research/uark_ht_trunk/src/platforms/xilinx/ml507_icache_shared_data/design/implementation/ppc440_0_wrapper.ngc 1240952096
/home/jagron/uark_research/uark_ht_trunk/src/platforms/xilinx/ml507_icache_shared_data/design/implementation/plb_v46_0_wrapper.ngc 1240952096
/home/jagron/uark_research/uark_ht_trunk/src/platforms/xilinx/ml507_icache_shared_data/design/implementation/xps_bram_if_cntlr_1_wrapper.ngc 1240952096
/home/jagron/uark_research/uark_ht_trunk/src/platforms/xilinx/ml507_icache_shared_data/design/implementation/xps_bram_if_cntlr_1_bram_wrapper.ngc 1240952096
/home/jagron/uark_research/uark_ht_trunk/src/platforms/xilinx/ml507_icache_shared_data/design/implementation/rs232_uart_1_wrapper.ngc 1240952096
/home/jagron/uark_research/uark_ht_trunk/src/platforms/xilinx/ml507_icache_shared_data/design/implementation/leds_8bit_wrapper.ngc 1240952096
/home/jagron/uark_research/uark_ht_trunk/src/platforms/xilinx/ml507_icache_shared_data/design/implementation/sram_wrapper.ngc 1240952096
/home/jagron/uark_research/uark_ht_trunk/src/platforms/xilinx/ml507_icache_shared_data/design/implementation/ddr2_sdram_wrapper.ngc 1240952096
/home/jagron/uark_research/uark_ht_trunk/src/platforms/xilinx/ml507_icache_shared_data/design/implementation/sram_util_bus_split_0_wrapper.ngc 1240952096
/home/jagron/uark_research/uark_ht_trunk/src/platforms/xilinx/ml507_icache_shared_data/design/implementation/ddr2_sdram_util_bus_split_1_wrapper.ngc 1240952096
/home/jagron/uark_research/uark_ht_trunk/src/platforms/xilinx/ml507_icache_shared_data/design/implementation/ddr2_sdram_util_bus_split_2_wrapper.ngc 1240952096
/home/jagron/uark_research/uark_ht_trunk/src/platforms/xilinx/ml507_icache_shared_data/design/implementation/clock_generator_0_wrapper.ngc 1240952096
/home/jagron/uark_research/uark_ht_trunk/src/platforms/xilinx/ml507_icache_shared_data/design/implementation/jtagppc_cntlr_0_wrapper.ngc 1240952096
/home/jagron/uark_research/uark_ht_trunk/src/platforms/xilinx/ml507_icache_shared_data/design/implementation/proc_sys_reset_0_wrapper.ngc 1240952096
/home/jagron/uark_research/uark_ht_trunk/src/platforms/xilinx/ml507_icache_shared_data/design/implementation/xps_intc_0_wrapper.ngc 1240952096
/home/jagron/uark_research/uark_ht_trunk/src/platforms/xilinx/ml507_icache_shared_data/design/implementation/plbv46_opb_bridge_0_wrapper.ngc 1240952096
/home/jagron/uark_research/uark_ht_trunk/src/platforms/xilinx/ml507_icache_shared_data/design/implementation/opb_plbv46_bridge_0_wrapper.ngc 1240952096
/home/jagron/uark_research/uark_ht_trunk/src/platforms/xilinx/ml507_icache_shared_data/design/implementation/opb_v20_0_wrapper.ngc 1240952096
/home/jagron/uark_research/uark_ht_trunk/src/platforms/xilinx/ml507_icache_shared_data/design/implementation/opb_bram_if_cntlr_1_wrapper.ngc 1240952097
/home/jagron/uark_research/uark_ht_trunk/src/platforms/xilinx/ml507_icache_shared_data/design/implementation/bram_block_0_wrapper.ngc 1240952097
/home/jagron/uark_research/uark_ht_trunk/src/platforms/xilinx/ml507_icache_shared_data/design/implementation/xps_bram_if_cntlr_0_wrapper.ngc 1240952097
/home/jagron/uark_research/uark_ht_trunk/src/platforms/xilinx/ml507_icache_shared_data/design/implementation/plb_hthread_reset_core_0_wrapper.ngc 1240952139
/home/jagron/uark_research/uark_ht_trunk/src/platforms/xilinx/ml507_icache_shared_data/design/implementation/thread_manager_wrapper.ngc 1240952097
/home/jagron/uark_research/uark_ht_trunk/src/platforms/xilinx/ml507_icache_shared_data/design/implementation/scheduler_wrapper.ngc 1240952097
/home/jagron/uark_research/uark_ht_trunk/src/platforms/xilinx/ml507_icache_shared_data/design/implementation/synch_manager_wrapper.ngc 1240952097
/home/jagron/uark_research/uark_ht_trunk/src/platforms/xilinx/ml507_icache_shared_data/design/implementation/cond_vars_wrapper.ngc 1240952097
/home/jagron/uark_research/uark_ht_trunk/src/platforms/xilinx/ml507_icache_shared_data/design/implementation/xps_timer_0_wrapper.ngc 1240952097
/home/jagron/uark_research/uark_ht_trunk/src/platforms/xilinx/ml507_icache_shared_data/design/implementation/xps_hw_thread_bram_cntlr_wrapper.ngc 1240952097
/home/jagron/uark_research/uark_ht_trunk/src/platforms/xilinx/ml507_icache_shared_data/design/implementation/hw_thread_bram_wrapper.ngc 1240952097
/home/jagron/uark_research/uark_ht_trunk/src/platforms/xilinx/ml507_icache_shared_data/design/implementation/microblaze_0_wrapper.ngc 1240952352
/home/jagron/uark_research/uark_ht_trunk/src/platforms/xilinx/ml507_icache_shared_data/design/implementation/mb_ilmb_wrapper.ngc 1240952097
/home/jagron/uark_research/uark_ht_trunk/src/platforms/xilinx/ml507_icache_shared_data/design/implementation/mb_dlmb_wrapper.ngc 1240952097
/home/jagron/uark_research/uark_ht_trunk/src/platforms/xilinx/ml507_icache_shared_data/design/implementation/ilmb_cntlr_wrapper.ngc 1240952097
/home/jagron/uark_research/uark_ht_trunk/src/platforms/xilinx/ml507_icache_shared_data/design/implementation/dlmb_cntlr_wrapper.ngc 1240952098
/home/jagron/uark_research/uark_ht_trunk/src/platforms/xilinx/ml507_icache_shared_data/design/implementation/mb_bram_wrapper.ngc 1240952098
/home/jagron/uark_research/uark_ht_trunk/src/platforms/xilinx/ml507_icache_shared_data/design/implementation/mdm_0_wrapper.ngc 1240952098
/home/jagron/uark_research/uark_ht_trunk/src/platforms/xilinx/ml507_icache_shared_data/design/implementation/microblaze_1_wrapper.ngc 1240952597
/home/jagron/uark_research/uark_ht_trunk/src/platforms/xilinx/ml507_icache_shared_data/design/implementation/mb_ilmb1_wrapper.ngc 1240952098
/home/jagron/uark_research/uark_ht_trunk/src/platforms/xilinx/ml507_icache_shared_data/design/implementation/mb_dlmb1_wrapper.ngc 1240952098
/home/jagron/uark_research/uark_ht_trunk/src/platforms/xilinx/ml507_icache_shared_data/design/implementation/ilmb_cntlr1_wrapper.ngc 1240952098
/home/jagron/uark_research/uark_ht_trunk/src/platforms/xilinx/ml507_icache_shared_data/design/implementation/dlmb_cntlr1_wrapper.ngc 1240952098
/home/jagron/uark_research/uark_ht_trunk/src/platforms/xilinx/ml507_icache_shared_data/design/implementation/mb_bram1_wrapper.ngc 1240952098
/home/jagron/uark_research/uark_ht_trunk/src/platforms/xilinx/ml507_icache_shared_data/design/implementation/mb0_plb_bridge_wrapper.ngc 1240952098
/home/jagron/uark_research/uark_ht_trunk/src/platforms/xilinx/ml507_icache_shared_data/design/implementation/mb0_plb_bus_wrapper.ngc 1240952098
/home/jagron/uark_research/uark_ht_trunk/src/platforms/xilinx/ml507_icache_shared_data/design/implementation/mb1_plb_bridge_wrapper.ngc 1240952098
/home/jagron/uark_research/uark_ht_trunk/src/platforms/xilinx/ml507_icache_shared_data/design/implementation/mb1_plb_bus_wrapper.ngc 1240952098
/home/jagron/uark_research/uark_ht_trunk/src/platforms/xilinx/ml507_icache_shared_data/design/implementation/microblaze_2_wrapper.ngc 1240952806
/home/jagron/uark_research/uark_ht_trunk/src/platforms/xilinx/ml507_icache_shared_data/design/implementation/mb_ilmb2_wrapper.ngc 1240952098
/home/jagron/uark_research/uark_ht_trunk/src/platforms/xilinx/ml507_icache_shared_data/design/implementation/mb_dlmb2_wrapper.ngc 1240952098
/home/jagron/uark_research/uark_ht_trunk/src/platforms/xilinx/ml507_icache_shared_data/design/implementation/ilmb_cntlr2_wrapper.ngc 1240952098
/home/jagron/uark_research/uark_ht_trunk/src/platforms/xilinx/ml507_icache_shared_data/design/implementation/dlmb_cntlr2_wrapper.ngc 1240952098
/home/jagron/uark_research/uark_ht_trunk/src/platforms/xilinx/ml507_icache_shared_data/design/implementation/mb_bram2_wrapper.ngc 1240952098
/home/jagron/uark_research/uark_ht_trunk/src/platforms/xilinx/ml507_icache_shared_data/design/implementation/mb2_plb_bridge_wrapper.ngc 1240952098
/home/jagron/uark_research/uark_ht_trunk/src/platforms/xilinx/ml507_icache_shared_data/design/implementation/mb2_plb_bus_wrapper.ngc 1240952098
/home/jagron/uark_research/uark_ht_trunk/src/platforms/xilinx/ml507_icache_shared_data/design/implementation/microblaze_mb3_wrapper.ngc 1240953026
/home/jagron/uark_research/uark_ht_trunk/src/platforms/xilinx/ml507_icache_shared_data/design/implementation/mb_ilmb_mb3_wrapper.ngc 1240952098
/home/jagron/uark_research/uark_ht_trunk/src/platforms/xilinx/ml507_icache_shared_data/design/implementation/mb_dlmb_mb3_wrapper.ngc 1240952098
/home/jagron/uark_research/uark_ht_trunk/src/platforms/xilinx/ml507_icache_shared_data/design/implementation/ilmb_cntlr_mb3_wrapper.ngc 1240952098
/home/jagron/uark_research/uark_ht_trunk/src/platforms/xilinx/ml507_icache_shared_data/design/implementation/dlmb_cntlr_mb3_wrapper.ngc 1240952098
/home/jagron/uark_research/uark_ht_trunk/src/platforms/xilinx/ml507_icache_shared_data/design/implementation/mb3_bram_wrapper.ngc 1240952098
/home/jagron/uark_research/uark_ht_trunk/src/platforms/xilinx/ml507_icache_shared_data/design/implementation/mb3_plb_bridge_wrapper.ngc 1240952098
/home/jagron/uark_research/uark_ht_trunk/src/platforms/xilinx/ml507_icache_shared_data/design/implementation/mb3_plb_bus_wrapper.ngc 1240952098
/home/jagron/uark_research/uark_ht_trunk/src/platforms/xilinx/ml507_icache_shared_data/design/implementation/microblaze_mb4_wrapper.ngc 1240953239
/home/jagron/uark_research/uark_ht_trunk/src/platforms/xilinx/ml507_icache_shared_data/design/implementation/mb_ilmb_mb4_wrapper.ngc 1240952098
/home/jagron/uark_research/uark_ht_trunk/src/platforms/xilinx/ml507_icache_shared_data/design/implementation/mb_dlmb_mb4_wrapper.ngc 1240952098
/home/jagron/uark_research/uark_ht_trunk/src/platforms/xilinx/ml507_icache_shared_data/design/implementation/ilmb_cntlr_mb4_wrapper.ngc 1240952099
/home/jagron/uark_research/uark_ht_trunk/src/platforms/xilinx/ml507_icache_shared_data/design/implementation/dlmb_cntlr_mb4_wrapper.ngc 1240952099
/home/jagron/uark_research/uark_ht_trunk/src/platforms/xilinx/ml507_icache_shared_data/design/implementation/mb4_bram_wrapper.ngc 1240952099
/home/jagron/uark_research/uark_ht_trunk/src/platforms/xilinx/ml507_icache_shared_data/design/implementation/mb4_plb_bridge_wrapper.ngc 1240952099
/home/jagron/uark_research/uark_ht_trunk/src/platforms/xilinx/ml507_icache_shared_data/design/implementation/mb4_plb_bus_wrapper.ngc 1240952099
/home/jagron/uark_research/uark_ht_trunk/src/platforms/xilinx/ml507_icache_shared_data/design/implementation/microblaze_mb5_wrapper.ngc 1240953451
/home/jagron/uark_research/uark_ht_trunk/src/platforms/xilinx/ml507_icache_shared_data/design/implementation/mb_ilmb_mb5_wrapper.ngc 1240952099
/home/jagron/uark_research/uark_ht_trunk/src/platforms/xilinx/ml507_icache_shared_data/design/implementation/mb_dlmb_mb5_wrapper.ngc 1240952099
/home/jagron/uark_research/uark_ht_trunk/src/platforms/xilinx/ml507_icache_shared_data/design/implementation/ilmb_cntlr_mb5_wrapper.ngc 1240952099
/home/jagron/uark_research/uark_ht_trunk/src/platforms/xilinx/ml507_icache_shared_data/design/implementation/dlmb_cntlr_mb5_wrapper.ngc 1240952099
/home/jagron/uark_research/uark_ht_trunk/src/platforms/xilinx/ml507_icache_shared_data/design/implementation/mb5_bram_wrapper.ngc 1240952099
/home/jagron/uark_research/uark_ht_trunk/src/platforms/xilinx/ml507_icache_shared_data/design/implementation/mb5_plb_bus_wrapper.ngc 1240952099
/home/jagron/uark_research/uark_ht_trunk/src/platforms/xilinx/ml507_icache_shared_data/design/implementation/mb5_plb_bridge_wrapper.ngc 1240952099
OK
