================================================================
  Vivado(TM) HLS - High-Level Synthesis from C, C++ and SystemC
  Version 2014.4
  Build 1071461 on Tue Nov 18 16:42:57 PM 2014
  Copyright (C) 2014 Xilinx Inc. All rights reserved.
================================================================
@I [LIC-101] Checked out feature [HLS]
@I [HLS-10] Running '/opt/Xilinx/Vivado_HLS/2014.4/bin/unwrapped/lnx64.o/vivado_hls'
            for user 'eugene' on host 'blackstorm' (Linux_x86_64 version 3.13.0-24-generic) on Wed Jun 10 11:51:22 CDT 2015
            in directory '/home/eugene/hthreads/src/hardware/MyRepository/pcores/vivado_cores/hls_cores/crc'
@I [HLS-10] Creating and opening project '/home/eugene/hthreads/src/hardware/MyRepository/pcores/vivado_cores/hls_cores/crc/crc_prj'.
@I [HLS-10] Adding design file 'crc_top.c' to the project
@I [HLS-10] Creating and opening solution '/home/eugene/hthreads/src/hardware/MyRepository/pcores/vivado_cores/hls_cores/crc/crc_prj/solution1'.
@I [HLS-10] Cleaning up the solution database.
@I [HLS-10] Setting target device to 'xc7vx485tffg1761-2'
@I [SYN-201] Setting up clock 'default' with a period of 10ns.
@I [HLS-10] Analyzing design file 'crc_top.c' ... 
@I [HLS-10] Validating synthesis directives ...
@I [HLS-10] Starting code transformations ...
@I [HLS-10] Checking synthesizability ...
@I [XFORM-602] Inlining function 'gen_crc' into 'crc' (crc_top.c:23) automatically.
@I [XFORM-602] Inlining function 'gen_crc' into 'crc' (crc_top.c:23) automatically.
@W [XFORM-561] 'For_Loop' (crc_top.c:18:23) in function 'crc' is an infinite loop.
@I [HLS-111] Elapsed time: 1.43731 seconds; current memory usage: 49.4 MB.
@I [HLS-10] Starting hardware synthesis ...
@I [HLS-10] Synthesizing 'crc' ...
@I [HLS-10] ----------------------------------------------------------------
@I [HLS-10] -- Scheduling module 'crc' 
@I [HLS-10] ----------------------------------------------------------------
@I [SCHED-11] Starting scheduling ...
@I [SCHED-11] Finished scheduling.
@I [HLS-111] Elapsed time: 0.074858 seconds; current memory usage: 49.6 MB.
@I [HLS-10] ----------------------------------------------------------------
@I [HLS-10] -- Exploring micro-architecture for module 'crc' 
@I [HLS-10] ----------------------------------------------------------------
@I [BIND-100] Starting micro-architecture generation ...
@I [BIND-101] Performing variable lifetime analysis.
@I [BIND-101] Exploring resource sharing.
@I [BIND-101] Binding ...
@I [BIND-100] Finished micro-architecture generation.
@I [HLS-111] Elapsed time: 0.014584 seconds; current memory usage: 49.9 MB.
@I [HLS-10] ----------------------------------------------------------------
@I [HLS-10] -- Generating RTL for module 'crc' 
@I [HLS-10] ----------------------------------------------------------------
@I [RTGEN-500] Setting interface mode on port 'crc/cmd' to 'axis'.
@I [RTGEN-500] Setting interface mode on port 'crc/resp' to 'axis'.
@I [RTGEN-500] Setting interface mode on port 'crc/a' to 'bram'.
@I [RTGEN-500] Setting interface mode on port 'crc/b' to 'bram'.
@I [RTGEN-500] Setting interface mode on port 'crc/result' to 'bram'.
@I [RTGEN-500] Setting interface mode on function 'crc' to 'ap_ctrl_none'.
@W [RTGEN-101] Port 'crc/a_Addr_A' has no fanin or fanout and is left dangling.
               Please use C simulation to confirm this function argument can be read from or written to.
@W [RTGEN-101] Setting dangling out port 'crc/a_Addr_A' to 0.
@W [RTGEN-101] Port 'crc/a_EN_A' has no fanin or fanout and is left dangling.
               Please use C simulation to confirm this function argument can be read from or written to.
@W [RTGEN-101] Setting dangling out port 'crc/a_EN_A' to 0.
@W [RTGEN-101] Port 'crc/a_WEN_A' has no fanin or fanout and is left dangling.
               Please use C simulation to confirm this function argument can be read from or written to.
@W [RTGEN-101] Setting dangling out port 'crc/a_WEN_A' to 0.
@W [RTGEN-101] Port 'crc/a_Din_A' has no fanin or fanout and is left dangling.
               Please use C simulation to confirm this function argument can be read from or written to.
@W [RTGEN-101] Setting dangling out port 'crc/a_Din_A' to 0.
@W [RTGEN-101] Port 'crc/a_Dout_A' has no fanin or fanout and is left dangling.
               Please use C simulation to confirm this function argument can be read from or written to.
@W [RTGEN-101] Port 'crc/a_Clk_A' has no fanin or fanout and is left dangling.
               Please use C simulation to confirm this function argument can be read from or written to.
@W [RTGEN-101] Port 'crc/a_Rst_A' has no fanin or fanout and is left dangling.
               Please use C simulation to confirm this function argument can be read from or written to.
@W [RTGEN-101] Port 'crc/b_Addr_A' has no fanin or fanout and is left dangling.
               Please use C simulation to confirm this function argument can be read from or written to.
@W [RTGEN-101] Setting dangling out port 'crc/b_Addr_A' to 0.
@W [RTGEN-101] Port 'crc/b_EN_A' has no fanin or fanout and is left dangling.
               Please use C simulation to confirm this function argument can be read from or written to.
@W [RTGEN-101] Setting dangling out port 'crc/b_EN_A' to 0.
@W [RTGEN-101] Port 'crc/b_WEN_A' has no fanin or fanout and is left dangling.
               Please use C simulation to confirm this function argument can be read from or written to.
@W [RTGEN-101] Setting dangling out port 'crc/b_WEN_A' to 0.
@W [RTGEN-101] Port 'crc/b_Din_A' has no fanin or fanout and is left dangling.
               Please use C simulation to confirm this function argument can be read from or written to.
@W [RTGEN-101] Setting dangling out port 'crc/b_Din_A' to 0.
@W [RTGEN-101] Port 'crc/b_Dout_A' has no fanin or fanout and is left dangling.
               Please use C simulation to confirm this function argument can be read from or written to.
@W [RTGEN-101] Port 'crc/b_Clk_A' has no fanin or fanout and is left dangling.
               Please use C simulation to confirm this function argument can be read from or written to.
@W [RTGEN-101] Port 'crc/b_Rst_A' has no fanin or fanout and is left dangling.
               Please use C simulation to confirm this function argument can be read from or written to.
@I [RTGEN-100] Finished creating RTL model for 'crc'.
@I [HLS-111] Elapsed time: 0.030269 seconds; current memory usage: 50.2 MB.
@I [HLS-10] Finished generating all RTL models.
@I [WSYSC-301] Generating RTL SystemC for 'crc'.
@I [WVHDL-304] Generating RTL VHDL for 'crc'.
@I [WVLOG-307] Generating RTL Verilog for 'crc'.
@I [IMPL-8] Exporting RTL as an IP in IP-XACT.

****** Vivado v2014.4 (64-bit)
  **** SW Build 1071353 on Tue Nov 18 16:47:07 MST 2014
  **** IP Build 1070531 on Tue Nov 18 01:10:18 MST 2014
    ** Copyright 1986-2014 Xilinx, Inc. All Rights Reserved.

source run_ippack.tcl -notrace
INFO: [IP_Flow 19-234] Refreshing IP repositories
INFO: [IP_Flow 19-1704] No user IP repositories specified
INFO: [IP_Flow 19-2313] Loaded Vivado IP repository '/opt/Xilinx/Vivado/2014.4/data/ip'.
INFO: [Common 17-206] Exiting Vivado at Wed Jun 10 11:51:35 2015...
@I [HLS-112] Total elapsed time: 32.862 seconds; peak memory usage: 50.2 MB.
@I [LIC-101] Checked in feature [HLS]
